<html>
<head>
<title>TestNG:  Command line test</title>
<link href="../testng.css" rel="stylesheet" type="text/css" />
<link href="../my-testng.css" rel="stylesheet" type="text/css" />

<style type="text/css">
.log { display: none;} 
.stack-trace { display: none;} 
</style>
<script type="text/javascript">
<!--
function flip(e) {
  current = e.style.display;
  if (current == 'block') {
    e.style.display = 'none';
    return 0;
  }
  else {
    e.style.display = 'block';
    return 1;
  }
}

function toggleBox(szDivId, elem, msg1, msg2)
{
  var res = -1;  if (document.getElementById) {
    res = flip(document.getElementById(szDivId));
  }
  else if (document.all) {
    // this is the way old msie versions work
    res = flip(document.all[szDivId]);
  }
  if(elem) {
    if(res == 0) elem.innerHTML = msg1; else elem.innerHTML = msg2;
  }

}

function toggleAllBoxes() {
  if (document.getElementsByTagName) {
    d = document.getElementsByTagName('div');
    for (i = 0; i < d.length; i++) {
      if (d[i].className == 'log') {
        flip(d[i]);
      }
    }
  }
}

// -->
</script>

</head>
<body>
<h2 align='center'>Command line test</h2><table border='1' align="center">
<tr>
<td>Tests passed/Failed/Skipped:</td><td>0/0/52</td>
</tr><tr>
<td>Started on:</td><td>Tue Jul 05 07:38:46 GMT-04:00 2016</td>
</tr>
<tr><td>Total time:</td><td>0 seconds (448 ms)</td>
</tr><tr>
<td>Included groups:</td><td>web.critical </td>
</tr><tr>
<td>Excluded groups:</td><td></td>
</tr>
</table><p/>
<small><i>(Hover the method name to see the test class name)</i></small><p/>
<table width='100%' border='1' class='invocation-failed'>
<tr><td colspan='4' align='center'><b>FAILED CONFIGURATIONS</b></td></tr>
<tr><td><b>Test method</b></td>
<td width="30%"><b>Exception</b></td>
<td width="10%"><b>Time (seconds)</b></td>
<td><b>Instance</b></td>
</tr>
<tr>
<td title='com.IntegrativeNutrition.Marketing.Tests.Web.BlogTest.TestSetup()'><b>TestSetup</b><br>Test class: com.IntegrativeNutrition.Marketing.Tests.Web.BlogTest</td>
<td><div><pre>java.lang.NoClassDefFoundError: org/openqa/selenium/remote/service/DriverService$Builder
	at java.lang.ClassLoader.defineClass1(Native Method)
	at java.lang.ClassLoader.defineClass(ClassLoader.java:763)
	at java.security.SecureClassLoader.defineClass(SecureClassLoader.java:142)
	at java.net.URLClassLoader.defineClass(URLClassLoader.java:467)
	at java.net.URLClassLoader.access$100(URLClassLoader.java:73)
	at java.net.URLClassLoader$1.run(URLClassLoader.java:368)
	at java.net.URLClassLoader$1.run(URLClassLoader.java:362)
	at java.security.AccessController.doPrivileged(Native Method)
	at java.net.URLClassLoader.findClass(URLClassLoader.java:361)
	at java.lang.ClassLoader.loadClass(ClassLoader.java:424)
	at sun.misc.Launcher$AppClassLoader.loadClass(Launcher.java:331)
	at java.lang.ClassLoader.loadClass(ClassLoader.java:357)
	at org.openqa.selenium.chrome.ChromeDriverService.createDefaultService(ChromeDriverService.java:88)
	at org.openqa.selenium.chrome.ChromeDriver.&lt;init&gt;(ChromeDriver.java:116)
	at com.IntegrativeNutrition.Marketing.Global.TestEnvironment.StartEnvironment(TestEnvironment.java:72)
	at com.IntegrativeNutrition.Marketing.Tests.Common.TestStarter.TestSetup(TestStarter.java:22)
Caused by: java.lang.ClassNotFoundException: org.openqa.selenium.remote.service.DriverService$Builder
	at java.net.URLClassLoader.findClass(URLClassLoader.java:381)
	at java.lang.ClassLoader.loadClass(ClassLoader.java:424)
	at sun.misc.Launcher$AppClassLoader.loadClass(Launcher.java:331)
	at java.lang.ClassLoader.loadClass(ClassLoader.java:357)
	... 50 more
... Removed 34 stack frames</pre></div><a href='#' onClick='toggleBox("stack-trace858242339", this, "Click to show all stack frames", "Click to hide stack frames")'>Click to show all stack frames</a>
<div class='stack-trace' id='stack-trace858242339'><pre>java.lang.NoClassDefFoundError: org/openqa/selenium/remote/service/DriverService$Builder
	at java.lang.ClassLoader.defineClass1(Native Method)
	at java.lang.ClassLoader.defineClass(ClassLoader.java:763)
	at java.security.SecureClassLoader.defineClass(SecureClassLoader.java:142)
	at java.net.URLClassLoader.defineClass(URLClassLoader.java:467)
	at java.net.URLClassLoader.access$100(URLClassLoader.java:73)
	at java.net.URLClassLoader$1.run(URLClassLoader.java:368)
	at java.net.URLClassLoader$1.run(URLClassLoader.java:362)
	at java.security.AccessController.doPrivileged(Native Method)
	at java.net.URLClassLoader.findClass(URLClassLoader.java:361)
	at java.lang.ClassLoader.loadClass(ClassLoader.java:424)
	at sun.misc.Launcher$AppClassLoader.loadClass(Launcher.java:331)
	at java.lang.ClassLoader.loadClass(ClassLoader.java:357)
	at org.openqa.selenium.chrome.ChromeDriverService.createDefaultService(ChromeDriverService.java:88)
	at org.openqa.selenium.chrome.ChromeDriver.&lt;init&gt;(ChromeDriver.java:116)
	at com.IntegrativeNutrition.Marketing.Global.TestEnvironment.StartEnvironment(TestEnvironment.java:72)
	at com.IntegrativeNutrition.Marketing.Tests.Common.TestStarter.TestSetup(TestStarter.java:22)
	at sun.reflect.NativeMethodAccessorImpl.invoke0(Native Method)
	at sun.reflect.NativeMethodAccessorImpl.invoke(NativeMethodAccessorImpl.java:62)
	at sun.reflect.DelegatingMethodAccessorImpl.invoke(DelegatingMethodAccessorImpl.java:43)
	at java.lang.reflect.Method.invoke(Method.java:498)
	at org.testng.internal.MethodInvocationHelper.invokeMethod(MethodInvocationHelper.java:85)
	at org.testng.internal.Invoker.invokeConfigurationMethod(Invoker.java:510)
	at org.testng.internal.Invoker.invokeConfigurations(Invoker.java:211)
	at org.testng.internal.Invoker.invokeConfigurations(Invoker.java:138)
	at org.testng.internal.TestMethodWorker.invokeBeforeClassMethods(TestMethodWorker.java:170)
	at org.testng.internal.TestMethodWorker.run(TestMethodWorker.java:104)
	at org.testng.TestRunner.privateRun(TestRunner.java:774)
	at org.testng.TestRunner.run(TestRunner.java:624)
	at org.testng.SuiteRunner.runTest(SuiteRunner.java:359)
	at org.testng.SuiteRunner.runSequentially(SuiteRunner.java:354)
	at org.testng.SuiteRunner.privateRun(SuiteRunner.java:312)
	at org.testng.SuiteRunner.run(SuiteRunner.java:261)
	at org.testng.SuiteRunnerWorker.runSuite(SuiteRunnerWorker.java:52)
	at org.testng.SuiteRunnerWorker.run(SuiteRunnerWorker.java:86)
	at org.testng.TestNG.runSuitesSequentially(TestNG.java:1191)
	at org.testng.TestNG.runSuitesLocally(TestNG.java:1116)
	at org.testng.TestNG.run(TestNG.java:1024)
	at org.apache.maven.surefire.testng.TestNGExecutor.run(TestNGExecutor.java:77)
	at org.apache.maven.surefire.testng.TestNGDirectoryTestSuite.executeMulti(TestNGDirectoryTestSuite.java:159)
	at org.apache.maven.surefire.testng.TestNGDirectoryTestSuite.execute(TestNGDirectoryTestSuite.java:99)
	at org.apache.maven.surefire.testng.TestNGProvider.invoke(TestNGProvider.java:106)
	at sun.reflect.NativeMethodAccessorImpl.invoke0(Native Method)
	at sun.reflect.NativeMethodAccessorImpl.invoke(NativeMethodAccessorImpl.java:62)
	at sun.reflect.DelegatingMethodAccessorImpl.invoke(DelegatingMethodAccessorImpl.java:43)
	at java.lang.reflect.Method.invoke(Method.java:498)
	at org.apache.maven.surefire.util.ReflectionUtils.invokeMethodWithArray(ReflectionUtils.java:189)
	at org.apache.maven.surefire.booter.ProviderFactory$ProviderProxy.invoke(ProviderFactory.java:165)
	at org.apache.maven.surefire.booter.ProviderFactory.invokeProvider(ProviderFactory.java:85)
	at org.apache.maven.surefire.booter.ForkedBooter.runSuitesInProcess(ForkedBooter.java:115)
	at org.apache.maven.surefire.booter.ForkedBooter.main(ForkedBooter.java:75)
Caused by: java.lang.ClassNotFoundException: org.openqa.selenium.remote.service.DriverService$Builder
	at java.net.URLClassLoader.findClass(URLClassLoader.java:381)
	at java.lang.ClassLoader.loadClass(ClassLoader.java:424)
	at sun.misc.Launcher$AppClassLoader.loadClass(Launcher.java:331)
	at java.lang.ClassLoader.loadClass(ClassLoader.java:357)
	... 50 more
</pre></div></td>
<td>0</td>
<td>com.IntegrativeNutrition.Marketing.Tests.Web.BlogTest@1810399e</td></tr>
<tr>
<td title='com.IntegrativeNutrition.Marketing.Tests.Web.CurriculumPageTest.TestSetup()'><b>TestSetup</b><br>Test class: com.IntegrativeNutrition.Marketing.Tests.Web.CurriculumPageTest</td>
<td><div><pre>java.lang.NoClassDefFoundError: org/openqa/selenium/chrome/ChromeDriverService$Builder
	at org.openqa.selenium.chrome.ChromeDriverService.createDefaultService(ChromeDriverService.java:88)
	at org.openqa.selenium.chrome.ChromeDriver.&lt;init&gt;(ChromeDriver.java:116)
	at com.IntegrativeNutrition.Marketing.Global.TestEnvironment.StartEnvironment(TestEnvironment.java:72)
	at com.IntegrativeNutrition.Marketing.Tests.Common.TestStarter.TestSetup(TestStarter.java:22)
... Removed 34 stack frames</pre></div><a href='#' onClick='toggleBox("stack-trace1604125387", this, "Click to show all stack frames", "Click to hide stack frames")'>Click to show all stack frames</a>
<div class='stack-trace' id='stack-trace1604125387'><pre>java.lang.NoClassDefFoundError: org/openqa/selenium/chrome/ChromeDriverService$Builder
	at org.openqa.selenium.chrome.ChromeDriverService.createDefaultService(ChromeDriverService.java:88)
	at org.openqa.selenium.chrome.ChromeDriver.&lt;init&gt;(ChromeDriver.java:116)
	at com.IntegrativeNutrition.Marketing.Global.TestEnvironment.StartEnvironment(TestEnvironment.java:72)
	at com.IntegrativeNutrition.Marketing.Tests.Common.TestStarter.TestSetup(TestStarter.java:22)
	at sun.reflect.NativeMethodAccessorImpl.invoke0(Native Method)
	at sun.reflect.NativeMethodAccessorImpl.invoke(NativeMethodAccessorImpl.java:62)
	at sun.reflect.DelegatingMethodAccessorImpl.invoke(DelegatingMethodAccessorImpl.java:43)
	at java.lang.reflect.Method.invoke(Method.java:498)
	at org.testng.internal.MethodInvocationHelper.invokeMethod(MethodInvocationHelper.java:85)
	at org.testng.internal.Invoker.invokeConfigurationMethod(Invoker.java:510)
	at org.testng.internal.Invoker.invokeConfigurations(Invoker.java:211)
	at org.testng.internal.Invoker.invokeConfigurations(Invoker.java:138)
	at org.testng.internal.TestMethodWorker.invokeBeforeClassMethods(TestMethodWorker.java:170)
	at org.testng.internal.TestMethodWorker.run(TestMethodWorker.java:104)
	at org.testng.TestRunner.privateRun(TestRunner.java:774)
	at org.testng.TestRunner.run(TestRunner.java:624)
	at org.testng.SuiteRunner.runTest(SuiteRunner.java:359)
	at org.testng.SuiteRunner.runSequentially(SuiteRunner.java:354)
	at org.testng.SuiteRunner.privateRun(SuiteRunner.java:312)
	at org.testng.SuiteRunner.run(SuiteRunner.java:261)
	at org.testng.SuiteRunnerWorker.runSuite(SuiteRunnerWorker.java:52)
	at org.testng.SuiteRunnerWorker.run(SuiteRunnerWorker.java:86)
	at org.testng.TestNG.runSuitesSequentially(TestNG.java:1191)
	at org.testng.TestNG.runSuitesLocally(TestNG.java:1116)
	at org.testng.TestNG.run(TestNG.java:1024)
	at org.apache.maven.surefire.testng.TestNGExecutor.run(TestNGExecutor.java:77)
	at org.apache.maven.surefire.testng.TestNGDirectoryTestSuite.executeMulti(TestNGDirectoryTestSuite.java:159)
	at org.apache.maven.surefire.testng.TestNGDirectoryTestSuite.execute(TestNGDirectoryTestSuite.java:99)
	at org.apache.maven.surefire.testng.TestNGProvider.invoke(TestNGProvider.java:106)
	at sun.reflect.NativeMethodAccessorImpl.invoke0(Native Method)
	at sun.reflect.NativeMethodAccessorImpl.invoke(NativeMethodAccessorImpl.java:62)
	at sun.reflect.DelegatingMethodAccessorImpl.invoke(DelegatingMethodAccessorImpl.java:43)
	at java.lang.reflect.Method.invoke(Method.java:498)
	at org.apache.maven.surefire.util.ReflectionUtils.invokeMethodWithArray(ReflectionUtils.java:189)
	at org.apache.maven.surefire.booter.ProviderFactory$ProviderProxy.invoke(ProviderFactory.java:165)
	at org.apache.maven.surefire.booter.ProviderFactory.invokeProvider(ProviderFactory.java:85)
	at org.apache.maven.surefire.booter.ForkedBooter.runSuitesInProcess(ForkedBooter.java:115)
	at org.apache.maven.surefire.booter.ForkedBooter.main(ForkedBooter.java:75)
</pre></div></td>
<td>0</td>
<td>com.IntegrativeNutrition.Marketing.Tests.Web.CurriculumPageTest@32d992b2</td></tr>
<tr>
<td title='com.IntegrativeNutrition.Marketing.Tests.Web.FooterSocialMediaTest.TestSetup()'><b>TestSetup</b><br>Test class: com.IntegrativeNutrition.Marketing.Tests.Web.FooterSocialMediaTest</td>
<td><div><pre>java.lang.NoClassDefFoundError: org/openqa/selenium/chrome/ChromeDriverService$Builder
	at org.openqa.selenium.chrome.ChromeDriverService.createDefaultService(ChromeDriverService.java:88)
	at org.openqa.selenium.chrome.ChromeDriver.&lt;init&gt;(ChromeDriver.java:116)
	at com.IntegrativeNutrition.Marketing.Global.TestEnvironment.StartEnvironment(TestEnvironment.java:72)
	at com.IntegrativeNutrition.Marketing.Tests.Common.TestStarter.TestSetup(TestStarter.java:22)
... Removed 34 stack frames</pre></div><a href='#' onClick='toggleBox("stack-trace1050349584", this, "Click to show all stack frames", "Click to hide stack frames")'>Click to show all stack frames</a>
<div class='stack-trace' id='stack-trace1050349584'><pre>java.lang.NoClassDefFoundError: org/openqa/selenium/chrome/ChromeDriverService$Builder
	at org.openqa.selenium.chrome.ChromeDriverService.createDefaultService(ChromeDriverService.java:88)
	at org.openqa.selenium.chrome.ChromeDriver.&lt;init&gt;(ChromeDriver.java:116)
	at com.IntegrativeNutrition.Marketing.Global.TestEnvironment.StartEnvironment(TestEnvironment.java:72)
	at com.IntegrativeNutrition.Marketing.Tests.Common.TestStarter.TestSetup(TestStarter.java:22)
	at sun.reflect.NativeMethodAccessorImpl.invoke0(Native Method)
	at sun.reflect.NativeMethodAccessorImpl.invoke(NativeMethodAccessorImpl.java:62)
	at sun.reflect.DelegatingMethodAccessorImpl.invoke(DelegatingMethodAccessorImpl.java:43)
	at java.lang.reflect.Method.invoke(Method.java:498)
	at org.testng.internal.MethodInvocationHelper.invokeMethod(MethodInvocationHelper.java:85)
	at org.testng.internal.Invoker.invokeConfigurationMethod(Invoker.java:510)
	at org.testng.internal.Invoker.invokeConfigurations(Invoker.java:211)
	at org.testng.internal.Invoker.invokeConfigurations(Invoker.java:138)
	at org.testng.internal.TestMethodWorker.invokeBeforeClassMethods(TestMethodWorker.java:170)
	at org.testng.internal.TestMethodWorker.run(TestMethodWorker.java:104)
	at org.testng.TestRunner.privateRun(TestRunner.java:774)
	at org.testng.TestRunner.run(TestRunner.java:624)
	at org.testng.SuiteRunner.runTest(SuiteRunner.java:359)
	at org.testng.SuiteRunner.runSequentially(SuiteRunner.java:354)
	at org.testng.SuiteRunner.privateRun(SuiteRunner.java:312)
	at org.testng.SuiteRunner.run(SuiteRunner.java:261)
	at org.testng.SuiteRunnerWorker.runSuite(SuiteRunnerWorker.java:52)
	at org.testng.SuiteRunnerWorker.run(SuiteRunnerWorker.java:86)
	at org.testng.TestNG.runSuitesSequentially(TestNG.java:1191)
	at org.testng.TestNG.runSuitesLocally(TestNG.java:1116)
	at org.testng.TestNG.run(TestNG.java:1024)
	at org.apache.maven.surefire.testng.TestNGExecutor.run(TestNGExecutor.java:77)
	at org.apache.maven.surefire.testng.TestNGDirectoryTestSuite.executeMulti(TestNGDirectoryTestSuite.java:159)
	at org.apache.maven.surefire.testng.TestNGDirectoryTestSuite.execute(TestNGDirectoryTestSuite.java:99)
	at org.apache.maven.surefire.testng.TestNGProvider.invoke(TestNGProvider.java:106)
	at sun.reflect.NativeMethodAccessorImpl.invoke0(Native Method)
	at sun.reflect.NativeMethodAccessorImpl.invoke(NativeMethodAccessorImpl.java:62)
	at sun.reflect.DelegatingMethodAccessorImpl.invoke(DelegatingMethodAccessorImpl.java:43)
	at java.lang.reflect.Method.invoke(Method.java:498)
	at org.apache.maven.surefire.util.ReflectionUtils.invokeMethodWithArray(ReflectionUtils.java:189)
	at org.apache.maven.surefire.booter.ProviderFactory$ProviderProxy.invoke(ProviderFactory.java:165)
	at org.apache.maven.surefire.booter.ProviderFactory.invokeProvider(ProviderFactory.java:85)
	at org.apache.maven.surefire.booter.ForkedBooter.runSuitesInProcess(ForkedBooter.java:115)
	at org.apache.maven.surefire.booter.ForkedBooter.main(ForkedBooter.java:75)
</pre></div></td>
<td>0</td>
<td>com.IntegrativeNutrition.Marketing.Tests.Web.FooterSocialMediaTest@215be6bb</td></tr>
<tr>
<td title='com.IntegrativeNutrition.Marketing.Tests.Web.HeaderTest.TestSetup()'><b>TestSetup</b><br>Test class: com.IntegrativeNutrition.Marketing.Tests.Web.HeaderTest</td>
<td><div><pre>java.lang.NoClassDefFoundError: org/openqa/selenium/chrome/ChromeDriverService$Builder
	at org.openqa.selenium.chrome.ChromeDriverService.createDefaultService(ChromeDriverService.java:88)
	at org.openqa.selenium.chrome.ChromeDriver.&lt;init&gt;(ChromeDriver.java:116)
	at com.IntegrativeNutrition.Marketing.Global.TestEnvironment.StartEnvironment(TestEnvironment.java:72)
	at com.IntegrativeNutrition.Marketing.Tests.Common.TestStarter.TestSetup(TestStarter.java:22)
... Removed 34 stack frames</pre></div><a href='#' onClick='toggleBox("stack-trace1519280649", this, "Click to show all stack frames", "Click to hide stack frames")'>Click to show all stack frames</a>
<div class='stack-trace' id='stack-trace1519280649'><pre>java.lang.NoClassDefFoundError: org/openqa/selenium/chrome/ChromeDriverService$Builder
	at org.openqa.selenium.chrome.ChromeDriverService.createDefaultService(ChromeDriverService.java:88)
	at org.openqa.selenium.chrome.ChromeDriver.&lt;init&gt;(ChromeDriver.java:116)
	at com.IntegrativeNutrition.Marketing.Global.TestEnvironment.StartEnvironment(TestEnvironment.java:72)
	at com.IntegrativeNutrition.Marketing.Tests.Common.TestStarter.TestSetup(TestStarter.java:22)
	at sun.reflect.NativeMethodAccessorImpl.invoke0(Native Method)
	at sun.reflect.NativeMethodAccessorImpl.invoke(NativeMethodAccessorImpl.java:62)
	at sun.reflect.DelegatingMethodAccessorImpl.invoke(DelegatingMethodAccessorImpl.java:43)
	at java.lang.reflect.Method.invoke(Method.java:498)
	at org.testng.internal.MethodInvocationHelper.invokeMethod(MethodInvocationHelper.java:85)
	at org.testng.internal.Invoker.invokeConfigurationMethod(Invoker.java:510)
	at org.testng.internal.Invoker.invokeConfigurations(Invoker.java:211)
	at org.testng.internal.Invoker.invokeConfigurations(Invoker.java:138)
	at org.testng.internal.TestMethodWorker.invokeBeforeClassMethods(TestMethodWorker.java:170)
	at org.testng.internal.TestMethodWorker.run(TestMethodWorker.java:104)
	at org.testng.TestRunner.privateRun(TestRunner.java:774)
	at org.testng.TestRunner.run(TestRunner.java:624)
	at org.testng.SuiteRunner.runTest(SuiteRunner.java:359)
	at org.testng.SuiteRunner.runSequentially(SuiteRunner.java:354)
	at org.testng.SuiteRunner.privateRun(SuiteRunner.java:312)
	at org.testng.SuiteRunner.run(SuiteRunner.java:261)
	at org.testng.SuiteRunnerWorker.runSuite(SuiteRunnerWorker.java:52)
	at org.testng.SuiteRunnerWorker.run(SuiteRunnerWorker.java:86)
	at org.testng.TestNG.runSuitesSequentially(TestNG.java:1191)
	at org.testng.TestNG.runSuitesLocally(TestNG.java:1116)
	at org.testng.TestNG.run(TestNG.java:1024)
	at org.apache.maven.surefire.testng.TestNGExecutor.run(TestNGExecutor.java:77)
	at org.apache.maven.surefire.testng.TestNGDirectoryTestSuite.executeMulti(TestNGDirectoryTestSuite.java:159)
	at org.apache.maven.surefire.testng.TestNGDirectoryTestSuite.execute(TestNGDirectoryTestSuite.java:99)
	at org.apache.maven.surefire.testng.TestNGProvider.invoke(TestNGProvider.java:106)
	at sun.reflect.NativeMethodAccessorImpl.invoke0(Native Method)
	at sun.reflect.NativeMethodAccessorImpl.invoke(NativeMethodAccessorImpl.java:62)
	at sun.reflect.DelegatingMethodAccessorImpl.invoke(DelegatingMethodAccessorImpl.java:43)
	at java.lang.reflect.Method.invoke(Method.java:498)
	at org.apache.maven.surefire.util.ReflectionUtils.invokeMethodWithArray(ReflectionUtils.java:189)
	at org.apache.maven.surefire.booter.ProviderFactory$ProviderProxy.invoke(ProviderFactory.java:165)
	at org.apache.maven.surefire.booter.ProviderFactory.invokeProvider(ProviderFactory.java:85)
	at org.apache.maven.surefire.booter.ForkedBooter.runSuitesInProcess(ForkedBooter.java:115)
	at org.apache.maven.surefire.booter.ForkedBooter.main(ForkedBooter.java:75)
</pre></div></td>
<td>0</td>
<td>com.IntegrativeNutrition.Marketing.Tests.Web.HeaderTest@4439f31e</td></tr>
<tr>
<td title='com.IntegrativeNutrition.Marketing.Tests.Web.HealthCoachingTest.TestSetup()'><b>TestSetup</b><br>Test class: com.IntegrativeNutrition.Marketing.Tests.Web.HealthCoachingTest</td>
<td><div><pre>java.lang.NoClassDefFoundError: org/openqa/selenium/chrome/ChromeDriverService$Builder
	at org.openqa.selenium.chrome.ChromeDriverService.createDefaultService(ChromeDriverService.java:88)
	at org.openqa.selenium.chrome.ChromeDriver.&lt;init&gt;(ChromeDriver.java:116)
	at com.IntegrativeNutrition.Marketing.Global.TestEnvironment.StartEnvironment(TestEnvironment.java:72)
	at com.IntegrativeNutrition.Marketing.Tests.Common.TestStarter.TestSetup(TestStarter.java:22)
... Removed 34 stack frames</pre></div><a href='#' onClick='toggleBox("stack-trace1709366259", this, "Click to show all stack frames", "Click to hide stack frames")'>Click to show all stack frames</a>
<div class='stack-trace' id='stack-trace1709366259'><pre>java.lang.NoClassDefFoundError: org/openqa/selenium/chrome/ChromeDriverService$Builder
	at org.openqa.selenium.chrome.ChromeDriverService.createDefaultService(ChromeDriverService.java:88)
	at org.openqa.selenium.chrome.ChromeDriver.&lt;init&gt;(ChromeDriver.java:116)
	at com.IntegrativeNutrition.Marketing.Global.TestEnvironment.StartEnvironment(TestEnvironment.java:72)
	at com.IntegrativeNutrition.Marketing.Tests.Common.TestStarter.TestSetup(TestStarter.java:22)
	at sun.reflect.NativeMethodAccessorImpl.invoke0(Native Method)
	at sun.reflect.NativeMethodAccessorImpl.invoke(NativeMethodAccessorImpl.java:62)
	at sun.reflect.DelegatingMethodAccessorImpl.invoke(DelegatingMethodAccessorImpl.java:43)
	at java.lang.reflect.Method.invoke(Method.java:498)
	at org.testng.internal.MethodInvocationHelper.invokeMethod(MethodInvocationHelper.java:85)
	at org.testng.internal.Invoker.invokeConfigurationMethod(Invoker.java:510)
	at org.testng.internal.Invoker.invokeConfigurations(Invoker.java:211)
	at org.testng.internal.Invoker.invokeConfigurations(Invoker.java:138)
	at org.testng.internal.TestMethodWorker.invokeBeforeClassMethods(TestMethodWorker.java:170)
	at org.testng.internal.TestMethodWorker.run(TestMethodWorker.java:104)
	at org.testng.TestRunner.privateRun(TestRunner.java:774)
	at org.testng.TestRunner.run(TestRunner.java:624)
	at org.testng.SuiteRunner.runTest(SuiteRunner.java:359)
	at org.testng.SuiteRunner.runSequentially(SuiteRunner.java:354)
	at org.testng.SuiteRunner.privateRun(SuiteRunner.java:312)
	at org.testng.SuiteRunner.run(SuiteRunner.java:261)
	at org.testng.SuiteRunnerWorker.runSuite(SuiteRunnerWorker.java:52)
	at org.testng.SuiteRunnerWorker.run(SuiteRunnerWorker.java:86)
	at org.testng.TestNG.runSuitesSequentially(TestNG.java:1191)
	at org.testng.TestNG.runSuitesLocally(TestNG.java:1116)
	at org.testng.TestNG.run(TestNG.java:1024)
	at org.apache.maven.surefire.testng.TestNGExecutor.run(TestNGExecutor.java:77)
	at org.apache.maven.surefire.testng.TestNGDirectoryTestSuite.executeMulti(TestNGDirectoryTestSuite.java:159)
	at org.apache.maven.surefire.testng.TestNGDirectoryTestSuite.execute(TestNGDirectoryTestSuite.java:99)
	at org.apache.maven.surefire.testng.TestNGProvider.invoke(TestNGProvider.java:106)
	at sun.reflect.NativeMethodAccessorImpl.invoke0(Native Method)
	at sun.reflect.NativeMethodAccessorImpl.invoke(NativeMethodAccessorImpl.java:62)
	at sun.reflect.DelegatingMethodAccessorImpl.invoke(DelegatingMethodAccessorImpl.java:43)
	at java.lang.reflect.Method.invoke(Method.java:498)
	at org.apache.maven.surefire.util.ReflectionUtils.invokeMethodWithArray(ReflectionUtils.java:189)
	at org.apache.maven.surefire.booter.ProviderFactory$ProviderProxy.invoke(ProviderFactory.java:165)
	at org.apache.maven.surefire.booter.ProviderFactory.invokeProvider(ProviderFactory.java:85)
	at org.apache.maven.surefire.booter.ForkedBooter.runSuitesInProcess(ForkedBooter.java:115)
	at org.apache.maven.surefire.booter.ForkedBooter.main(ForkedBooter.java:75)
</pre></div></td>
<td>0</td>
<td>com.IntegrativeNutrition.Marketing.Tests.Web.HealthCoachingTest@5dfcfece</td></tr>
<tr>
<td title='com.IntegrativeNutrition.Marketing.Tests.Web.HomePageTest.TestSetup()'><b>TestSetup</b><br>Test class: com.IntegrativeNutrition.Marketing.Tests.Web.HomePageTest</td>
<td><div><pre>java.lang.NoClassDefFoundError: org/openqa/selenium/chrome/ChromeDriverService$Builder
	at org.openqa.selenium.chrome.ChromeDriverService.createDefaultService(ChromeDriverService.java:88)
	at org.openqa.selenium.chrome.ChromeDriver.&lt;init&gt;(ChromeDriver.java:116)
	at com.IntegrativeNutrition.Marketing.Global.TestEnvironment.StartEnvironment(TestEnvironment.java:72)
	at com.IntegrativeNutrition.Marketing.Tests.Common.TestStarter.TestSetup(TestStarter.java:22)
... Removed 34 stack frames</pre></div><a href='#' onClick='toggleBox("stack-trace601893033", this, "Click to show all stack frames", "Click to hide stack frames")'>Click to show all stack frames</a>
<div class='stack-trace' id='stack-trace601893033'><pre>java.lang.NoClassDefFoundError: org/openqa/selenium/chrome/ChromeDriverService$Builder
	at org.openqa.selenium.chrome.ChromeDriverService.createDefaultService(ChromeDriverService.java:88)
	at org.openqa.selenium.chrome.ChromeDriver.&lt;init&gt;(ChromeDriver.java:116)
	at com.IntegrativeNutrition.Marketing.Global.TestEnvironment.StartEnvironment(TestEnvironment.java:72)
	at com.IntegrativeNutrition.Marketing.Tests.Common.TestStarter.TestSetup(TestStarter.java:22)
	at sun.reflect.NativeMethodAccessorImpl.invoke0(Native Method)
	at sun.reflect.NativeMethodAccessorImpl.invoke(NativeMethodAccessorImpl.java:62)
	at sun.reflect.DelegatingMethodAccessorImpl.invoke(DelegatingMethodAccessorImpl.java:43)
	at java.lang.reflect.Method.invoke(Method.java:498)
	at org.testng.internal.MethodInvocationHelper.invokeMethod(MethodInvocationHelper.java:85)
	at org.testng.internal.Invoker.invokeConfigurationMethod(Invoker.java:510)
	at org.testng.internal.Invoker.invokeConfigurations(Invoker.java:211)
	at org.testng.internal.Invoker.invokeConfigurations(Invoker.java:138)
	at org.testng.internal.TestMethodWorker.invokeBeforeClassMethods(TestMethodWorker.java:170)
	at org.testng.internal.TestMethodWorker.run(TestMethodWorker.java:104)
	at org.testng.TestRunner.privateRun(TestRunner.java:774)
	at org.testng.TestRunner.run(TestRunner.java:624)
	at org.testng.SuiteRunner.runTest(SuiteRunner.java:359)
	at org.testng.SuiteRunner.runSequentially(SuiteRunner.java:354)
	at org.testng.SuiteRunner.privateRun(SuiteRunner.java:312)
	at org.testng.SuiteRunner.run(SuiteRunner.java:261)
	at org.testng.SuiteRunnerWorker.runSuite(SuiteRunnerWorker.java:52)
	at org.testng.SuiteRunnerWorker.run(SuiteRunnerWorker.java:86)
	at org.testng.TestNG.runSuitesSequentially(TestNG.java:1191)
	at org.testng.TestNG.runSuitesLocally(TestNG.java:1116)
	at org.testng.TestNG.run(TestNG.java:1024)
	at org.apache.maven.surefire.testng.TestNGExecutor.run(TestNGExecutor.java:77)
	at org.apache.maven.surefire.testng.TestNGDirectoryTestSuite.executeMulti(TestNGDirectoryTestSuite.java:159)
	at org.apache.maven.surefire.testng.TestNGDirectoryTestSuite.execute(TestNGDirectoryTestSuite.java:99)
	at org.apache.maven.surefire.testng.TestNGProvider.invoke(TestNGProvider.java:106)
	at sun.reflect.NativeMethodAccessorImpl.invoke0(Native Method)
	at sun.reflect.NativeMethodAccessorImpl.invoke(NativeMethodAccessorImpl.java:62)
	at sun.reflect.DelegatingMethodAccessorImpl.invoke(DelegatingMethodAccessorImpl.java:43)
	at java.lang.reflect.Method.invoke(Method.java:498)
	at org.apache.maven.surefire.util.ReflectionUtils.invokeMethodWithArray(ReflectionUtils.java:189)
	at org.apache.maven.surefire.booter.ProviderFactory$ProviderProxy.invoke(ProviderFactory.java:165)
	at org.apache.maven.surefire.booter.ProviderFactory.invokeProvider(ProviderFactory.java:85)
	at org.apache.maven.surefire.booter.ForkedBooter.runSuitesInProcess(ForkedBooter.java:115)
	at org.apache.maven.surefire.booter.ForkedBooter.main(ForkedBooter.java:75)
</pre></div></td>
<td>0</td>
<td>com.IntegrativeNutrition.Marketing.Tests.Web.HomePageTest@23ceabc1</td></tr>
<tr>
<td title='com.IntegrativeNutrition.Marketing.Tests.Web.InfoSessionTest.TestSetup()'><b>TestSetup</b><br>Test class: com.IntegrativeNutrition.Marketing.Tests.Web.InfoSessionTest</td>
<td><div><pre>java.lang.NoClassDefFoundError: org/openqa/selenium/chrome/ChromeDriverService$Builder
	at org.openqa.selenium.chrome.ChromeDriverService.createDefaultService(ChromeDriverService.java:88)
	at org.openqa.selenium.chrome.ChromeDriver.&lt;init&gt;(ChromeDriver.java:116)
	at com.IntegrativeNutrition.Marketing.Global.TestEnvironment.StartEnvironment(TestEnvironment.java:72)
	at com.IntegrativeNutrition.Marketing.Tests.Common.TestStarter.TestSetup(TestStarter.java:22)
... Removed 34 stack frames</pre></div><a href='#' onClick='toggleBox("stack-trace1651855867", this, "Click to show all stack frames", "Click to hide stack frames")'>Click to show all stack frames</a>
<div class='stack-trace' id='stack-trace1651855867'><pre>java.lang.NoClassDefFoundError: org/openqa/selenium/chrome/ChromeDriverService$Builder
	at org.openqa.selenium.chrome.ChromeDriverService.createDefaultService(ChromeDriverService.java:88)
	at org.openqa.selenium.chrome.ChromeDriver.&lt;init&gt;(ChromeDriver.java:116)
	at com.IntegrativeNutrition.Marketing.Global.TestEnvironment.StartEnvironment(TestEnvironment.java:72)
	at com.IntegrativeNutrition.Marketing.Tests.Common.TestStarter.TestSetup(TestStarter.java:22)
	at sun.reflect.NativeMethodAccessorImpl.invoke0(Native Method)
	at sun.reflect.NativeMethodAccessorImpl.invoke(NativeMethodAccessorImpl.java:62)
	at sun.reflect.DelegatingMethodAccessorImpl.invoke(DelegatingMethodAccessorImpl.java:43)
	at java.lang.reflect.Method.invoke(Method.java:498)
	at org.testng.internal.MethodInvocationHelper.invokeMethod(MethodInvocationHelper.java:85)
	at org.testng.internal.Invoker.invokeConfigurationMethod(Invoker.java:510)
	at org.testng.internal.Invoker.invokeConfigurations(Invoker.java:211)
	at org.testng.internal.Invoker.invokeConfigurations(Invoker.java:138)
	at org.testng.internal.TestMethodWorker.invokeBeforeClassMethods(TestMethodWorker.java:170)
	at org.testng.internal.TestMethodWorker.run(TestMethodWorker.java:104)
	at org.testng.TestRunner.privateRun(TestRunner.java:774)
	at org.testng.TestRunner.run(TestRunner.java:624)
	at org.testng.SuiteRunner.runTest(SuiteRunner.java:359)
	at org.testng.SuiteRunner.runSequentially(SuiteRunner.java:354)
	at org.testng.SuiteRunner.privateRun(SuiteRunner.java:312)
	at org.testng.SuiteRunner.run(SuiteRunner.java:261)
	at org.testng.SuiteRunnerWorker.runSuite(SuiteRunnerWorker.java:52)
	at org.testng.SuiteRunnerWorker.run(SuiteRunnerWorker.java:86)
	at org.testng.TestNG.runSuitesSequentially(TestNG.java:1191)
	at org.testng.TestNG.runSuitesLocally(TestNG.java:1116)
	at org.testng.TestNG.run(TestNG.java:1024)
	at org.apache.maven.surefire.testng.TestNGExecutor.run(TestNGExecutor.java:77)
	at org.apache.maven.surefire.testng.TestNGDirectoryTestSuite.executeMulti(TestNGDirectoryTestSuite.java:159)
	at org.apache.maven.surefire.testng.TestNGDirectoryTestSuite.execute(TestNGDirectoryTestSuite.java:99)
	at org.apache.maven.surefire.testng.TestNGProvider.invoke(TestNGProvider.java:106)
	at sun.reflect.NativeMethodAccessorImpl.invoke0(Native Method)
	at sun.reflect.NativeMethodAccessorImpl.invoke(NativeMethodAccessorImpl.java:62)
	at sun.reflect.DelegatingMethodAccessorImpl.invoke(DelegatingMethodAccessorImpl.java:43)
	at java.lang.reflect.Method.invoke(Method.java:498)
	at org.apache.maven.surefire.util.ReflectionUtils.invokeMethodWithArray(ReflectionUtils.java:189)
	at org.apache.maven.surefire.booter.ProviderFactory$ProviderProxy.invoke(ProviderFactory.java:165)
	at org.apache.maven.surefire.booter.ProviderFactory.invokeProvider(ProviderFactory.java:85)
	at org.apache.maven.surefire.booter.ForkedBooter.runSuitesInProcess(ForkedBooter.java:115)
	at org.apache.maven.surefire.booter.ForkedBooter.main(ForkedBooter.java:75)
</pre></div></td>
<td>0</td>
<td>com.IntegrativeNutrition.Marketing.Tests.Web.InfoSessionTest@5d5eef3d</td></tr>
<tr>
<td title='com.IntegrativeNutrition.Marketing.Tests.Web.PaidLeadTest.TestSetup()'><b>TestSetup</b><br>Test class: com.IntegrativeNutrition.Marketing.Tests.Web.PaidLeadTest</td>
<td><div><pre>java.lang.NoClassDefFoundError: org/openqa/selenium/chrome/ChromeDriverService$Builder
	at org.openqa.selenium.chrome.ChromeDriverService.createDefaultService(ChromeDriverService.java:88)
	at org.openqa.selenium.chrome.ChromeDriver.&lt;init&gt;(ChromeDriver.java:116)
	at com.IntegrativeNutrition.Marketing.Global.TestEnvironment.StartEnvironment(TestEnvironment.java:72)
	at com.IntegrativeNutrition.Marketing.Tests.Common.TestStarter.TestSetup(TestStarter.java:22)
... Removed 34 stack frames</pre></div><a href='#' onClick='toggleBox("stack-trace503195940", this, "Click to show all stack frames", "Click to hide stack frames")'>Click to show all stack frames</a>
<div class='stack-trace' id='stack-trace503195940'><pre>java.lang.NoClassDefFoundError: org/openqa/selenium/chrome/ChromeDriverService$Builder
	at org.openqa.selenium.chrome.ChromeDriverService.createDefaultService(ChromeDriverService.java:88)
	at org.openqa.selenium.chrome.ChromeDriver.&lt;init&gt;(ChromeDriver.java:116)
	at com.IntegrativeNutrition.Marketing.Global.TestEnvironment.StartEnvironment(TestEnvironment.java:72)
	at com.IntegrativeNutrition.Marketing.Tests.Common.TestStarter.TestSetup(TestStarter.java:22)
	at sun.reflect.NativeMethodAccessorImpl.invoke0(Native Method)
	at sun.reflect.NativeMethodAccessorImpl.invoke(NativeMethodAccessorImpl.java:62)
	at sun.reflect.DelegatingMethodAccessorImpl.invoke(DelegatingMethodAccessorImpl.java:43)
	at java.lang.reflect.Method.invoke(Method.java:498)
	at org.testng.internal.MethodInvocationHelper.invokeMethod(MethodInvocationHelper.java:85)
	at org.testng.internal.Invoker.invokeConfigurationMethod(Invoker.java:510)
	at org.testng.internal.Invoker.invokeConfigurations(Invoker.java:211)
	at org.testng.internal.Invoker.invokeConfigurations(Invoker.java:138)
	at org.testng.internal.TestMethodWorker.invokeBeforeClassMethods(TestMethodWorker.java:170)
	at org.testng.internal.TestMethodWorker.run(TestMethodWorker.java:104)
	at org.testng.TestRunner.privateRun(TestRunner.java:774)
	at org.testng.TestRunner.run(TestRunner.java:624)
	at org.testng.SuiteRunner.runTest(SuiteRunner.java:359)
	at org.testng.SuiteRunner.runSequentially(SuiteRunner.java:354)
	at org.testng.SuiteRunner.privateRun(SuiteRunner.java:312)
	at org.testng.SuiteRunner.run(SuiteRunner.java:261)
	at org.testng.SuiteRunnerWorker.runSuite(SuiteRunnerWorker.java:52)
	at org.testng.SuiteRunnerWorker.run(SuiteRunnerWorker.java:86)
	at org.testng.TestNG.runSuitesSequentially(TestNG.java:1191)
	at org.testng.TestNG.runSuitesLocally(TestNG.java:1116)
	at org.testng.TestNG.run(TestNG.java:1024)
	at org.apache.maven.surefire.testng.TestNGExecutor.run(TestNGExecutor.java:77)
	at org.apache.maven.surefire.testng.TestNGDirectoryTestSuite.executeMulti(TestNGDirectoryTestSuite.java:159)
	at org.apache.maven.surefire.testng.TestNGDirectoryTestSuite.execute(TestNGDirectoryTestSuite.java:99)
	at org.apache.maven.surefire.testng.TestNGProvider.invoke(TestNGProvider.java:106)
	at sun.reflect.NativeMethodAccessorImpl.invoke0(Native Method)
	at sun.reflect.NativeMethodAccessorImpl.invoke(NativeMethodAccessorImpl.java:62)
	at sun.reflect.DelegatingMethodAccessorImpl.invoke(DelegatingMethodAccessorImpl.java:43)
	at java.lang.reflect.Method.invoke(Method.java:498)
	at org.apache.maven.surefire.util.ReflectionUtils.invokeMethodWithArray(ReflectionUtils.java:189)
	at org.apache.maven.surefire.booter.ProviderFactory$ProviderProxy.invoke(ProviderFactory.java:165)
	at org.apache.maven.surefire.booter.ProviderFactory.invokeProvider(ProviderFactory.java:85)
	at org.apache.maven.surefire.booter.ForkedBooter.runSuitesInProcess(ForkedBooter.java:115)
	at org.apache.maven.surefire.booter.ForkedBooter.main(ForkedBooter.java:75)
</pre></div></td>
<td>0</td>
<td>com.IntegrativeNutrition.Marketing.Tests.Web.PaidLeadTest@56f4468b</td></tr>
<tr>
<td title='com.IntegrativeNutrition.Marketing.Tests.Web.SampleClassModuleTest.TestSetup()'><b>TestSetup</b><br>Test class: com.IntegrativeNutrition.Marketing.Tests.Web.SampleClassModuleTest</td>
<td><div><pre>java.lang.NoClassDefFoundError: org/openqa/selenium/chrome/ChromeDriverService$Builder
	at org.openqa.selenium.chrome.ChromeDriverService.createDefaultService(ChromeDriverService.java:88)
	at org.openqa.selenium.chrome.ChromeDriver.&lt;init&gt;(ChromeDriver.java:116)
	at com.IntegrativeNutrition.Marketing.Global.TestEnvironment.StartEnvironment(TestEnvironment.java:72)
	at com.IntegrativeNutrition.Marketing.Tests.Common.TestStarter.TestSetup(TestStarter.java:22)
... Removed 34 stack frames</pre></div><a href='#' onClick='toggleBox("stack-trace520016214", this, "Click to show all stack frames", "Click to hide stack frames")'>Click to show all stack frames</a>
<div class='stack-trace' id='stack-trace520016214'><pre>java.lang.NoClassDefFoundError: org/openqa/selenium/chrome/ChromeDriverService$Builder
	at org.openqa.selenium.chrome.ChromeDriverService.createDefaultService(ChromeDriverService.java:88)
	at org.openqa.selenium.chrome.ChromeDriver.&lt;init&gt;(ChromeDriver.java:116)
	at com.IntegrativeNutrition.Marketing.Global.TestEnvironment.StartEnvironment(TestEnvironment.java:72)
	at com.IntegrativeNutrition.Marketing.Tests.Common.TestStarter.TestSetup(TestStarter.java:22)
	at sun.reflect.NativeMethodAccessorImpl.invoke0(Native Method)
	at sun.reflect.NativeMethodAccessorImpl.invoke(NativeMethodAccessorImpl.java:62)
	at sun.reflect.DelegatingMethodAccessorImpl.invoke(DelegatingMethodAccessorImpl.java:43)
	at java.lang.reflect.Method.invoke(Method.java:498)
	at org.testng.internal.MethodInvocationHelper.invokeMethod(MethodInvocationHelper.java:85)
	at org.testng.internal.Invoker.invokeConfigurationMethod(Invoker.java:510)
	at org.testng.internal.Invoker.invokeConfigurations(Invoker.java:211)
	at org.testng.internal.Invoker.invokeConfigurations(Invoker.java:138)
	at org.testng.internal.TestMethodWorker.invokeBeforeClassMethods(TestMethodWorker.java:170)
	at org.testng.internal.TestMethodWorker.run(TestMethodWorker.java:104)
	at org.testng.TestRunner.privateRun(TestRunner.java:774)
	at org.testng.TestRunner.run(TestRunner.java:624)
	at org.testng.SuiteRunner.runTest(SuiteRunner.java:359)
	at org.testng.SuiteRunner.runSequentially(SuiteRunner.java:354)
	at org.testng.SuiteRunner.privateRun(SuiteRunner.java:312)
	at org.testng.SuiteRunner.run(SuiteRunner.java:261)
	at org.testng.SuiteRunnerWorker.runSuite(SuiteRunnerWorker.java:52)
	at org.testng.SuiteRunnerWorker.run(SuiteRunnerWorker.java:86)
	at org.testng.TestNG.runSuitesSequentially(TestNG.java:1191)
	at org.testng.TestNG.runSuitesLocally(TestNG.java:1116)
	at org.testng.TestNG.run(TestNG.java:1024)
	at org.apache.maven.surefire.testng.TestNGExecutor.run(TestNGExecutor.java:77)
	at org.apache.maven.surefire.testng.TestNGDirectoryTestSuite.executeMulti(TestNGDirectoryTestSuite.java:159)
	at org.apache.maven.surefire.testng.TestNGDirectoryTestSuite.execute(TestNGDirectoryTestSuite.java:99)
	at org.apache.maven.surefire.testng.TestNGProvider.invoke(TestNGProvider.java:106)
	at sun.reflect.NativeMethodAccessorImpl.invoke0(Native Method)
	at sun.reflect.NativeMethodAccessorImpl.invoke(NativeMethodAccessorImpl.java:62)
	at sun.reflect.DelegatingMethodAccessorImpl.invoke(DelegatingMethodAccessorImpl.java:43)
	at java.lang.reflect.Method.invoke(Method.java:498)
	at org.apache.maven.surefire.util.ReflectionUtils.invokeMethodWithArray(ReflectionUtils.java:189)
	at org.apache.maven.surefire.booter.ProviderFactory$ProviderProxy.invoke(ProviderFactory.java:165)
	at org.apache.maven.surefire.booter.ProviderFactory.invokeProvider(ProviderFactory.java:85)
	at org.apache.maven.surefire.booter.ForkedBooter.runSuitesInProcess(ForkedBooter.java:115)
	at org.apache.maven.surefire.booter.ForkedBooter.main(ForkedBooter.java:75)
</pre></div></td>
<td>0</td>
<td>com.IntegrativeNutrition.Marketing.Tests.Web.SampleClassModuleTest@6cc4c815</td></tr>
<tr>
<td title='com.IntegrativeNutrition.Marketing.Tests.Web.ThankYouPagesTest.TestSetup()'><b>TestSetup</b><br>Test class: com.IntegrativeNutrition.Marketing.Tests.Web.ThankYouPagesTest</td>
<td><div><pre>java.lang.NoClassDefFoundError: org/openqa/selenium/chrome/ChromeDriverService$Builder
	at org.openqa.selenium.chrome.ChromeDriverService.createDefaultService(ChromeDriverService.java:88)
	at org.openqa.selenium.chrome.ChromeDriver.&lt;init&gt;(ChromeDriver.java:116)
	at com.IntegrativeNutrition.Marketing.Global.TestEnvironment.StartEnvironment(TestEnvironment.java:72)
	at com.IntegrativeNutrition.Marketing.Tests.Common.TestStarter.TestSetup(TestStarter.java:22)
... Removed 34 stack frames</pre></div><a href='#' onClick='toggleBox("stack-trace1955915048", this, "Click to show all stack frames", "Click to hide stack frames")'>Click to show all stack frames</a>
<div class='stack-trace' id='stack-trace1955915048'><pre>java.lang.NoClassDefFoundError: org/openqa/selenium/chrome/ChromeDriverService$Builder
	at org.openqa.selenium.chrome.ChromeDriverService.createDefaultService(ChromeDriverService.java:88)
	at org.openqa.selenium.chrome.ChromeDriver.&lt;init&gt;(ChromeDriver.java:116)
	at com.IntegrativeNutrition.Marketing.Global.TestEnvironment.StartEnvironment(TestEnvironment.java:72)
	at com.IntegrativeNutrition.Marketing.Tests.Common.TestStarter.TestSetup(TestStarter.java:22)
	at sun.reflect.NativeMethodAccessorImpl.invoke0(Native Method)
	at sun.reflect.NativeMethodAccessorImpl.invoke(NativeMethodAccessorImpl.java:62)
	at sun.reflect.DelegatingMethodAccessorImpl.invoke(DelegatingMethodAccessorImpl.java:43)
	at java.lang.reflect.Method.invoke(Method.java:498)
	at org.testng.internal.MethodInvocationHelper.invokeMethod(MethodInvocationHelper.java:85)
	at org.testng.internal.Invoker.invokeConfigurationMethod(Invoker.java:510)
	at org.testng.internal.Invoker.invokeConfigurations(Invoker.java:211)
	at org.testng.internal.Invoker.invokeConfigurations(Invoker.java:138)
	at org.testng.internal.TestMethodWorker.invokeBeforeClassMethods(TestMethodWorker.java:170)
	at org.testng.internal.TestMethodWorker.run(TestMethodWorker.java:104)
	at org.testng.TestRunner.privateRun(TestRunner.java:774)
	at org.testng.TestRunner.run(TestRunner.java:624)
	at org.testng.SuiteRunner.runTest(SuiteRunner.java:359)
	at org.testng.SuiteRunner.runSequentially(SuiteRunner.java:354)
	at org.testng.SuiteRunner.privateRun(SuiteRunner.java:312)
	at org.testng.SuiteRunner.run(SuiteRunner.java:261)
	at org.testng.SuiteRunnerWorker.runSuite(SuiteRunnerWorker.java:52)
	at org.testng.SuiteRunnerWorker.run(SuiteRunnerWorker.java:86)
	at org.testng.TestNG.runSuitesSequentially(TestNG.java:1191)
	at org.testng.TestNG.runSuitesLocally(TestNG.java:1116)
	at org.testng.TestNG.run(TestNG.java:1024)
	at org.apache.maven.surefire.testng.TestNGExecutor.run(TestNGExecutor.java:77)
	at org.apache.maven.surefire.testng.TestNGDirectoryTestSuite.executeMulti(TestNGDirectoryTestSuite.java:159)
	at org.apache.maven.surefire.testng.TestNGDirectoryTestSuite.execute(TestNGDirectoryTestSuite.java:99)
	at org.apache.maven.surefire.testng.TestNGProvider.invoke(TestNGProvider.java:106)
	at sun.reflect.NativeMethodAccessorImpl.invoke0(Native Method)
	at sun.reflect.NativeMethodAccessorImpl.invoke(NativeMethodAccessorImpl.java:62)
	at sun.reflect.DelegatingMethodAccessorImpl.invoke(DelegatingMethodAccessorImpl.java:43)
	at java.lang.reflect.Method.invoke(Method.java:498)
	at org.apache.maven.surefire.util.ReflectionUtils.invokeMethodWithArray(ReflectionUtils.java:189)
	at org.apache.maven.surefire.booter.ProviderFactory$ProviderProxy.invoke(ProviderFactory.java:165)
	at org.apache.maven.surefire.booter.ProviderFactory.invokeProvider(ProviderFactory.java:85)
	at org.apache.maven.surefire.booter.ForkedBooter.runSuitesInProcess(ForkedBooter.java:115)
	at org.apache.maven.surefire.booter.ForkedBooter.main(ForkedBooter.java:75)
</pre></div></td>
<td>0</td>
<td>com.IntegrativeNutrition.Marketing.Tests.Web.ThankYouPagesTest@3a82f6ef</td></tr>
</table><p>
<table width='100%' border='1' class='invocation-skipped'>
<tr><td colspan='4' align='center'><b>SKIPPED TESTS</b></td></tr>
<tr><td><b>Test method</b></td>
<td width="30%"><b>Exception</b></td>
<td width="10%"><b>Time (seconds)</b></td>
<td><b>Instance</b></td>
</tr>
<tr>
<td title='com.IntegrativeNutrition.Marketing.Tests.Web.HomePageTest.assertBannerIsDisplayed()'><b>assertBannerIsDisplayed</b><br>Test class: com.IntegrativeNutrition.Marketing.Tests.Web.HomePageTest</td>
<td></td>
<td>0</td>
<td>com.IntegrativeNutrition.Marketing.Tests.Web.HomePageTest@23ceabc1</td></tr>
<tr>
<td title='com.IntegrativeNutrition.Marketing.Tests.Web.PaidLeadTest.assertBannerIsDisplayed()'><b>assertBannerIsDisplayed</b><br>Test class: com.IntegrativeNutrition.Marketing.Tests.Web.PaidLeadTest</td>
<td></td>
<td>0</td>
<td>com.IntegrativeNutrition.Marketing.Tests.Web.PaidLeadTest@56f4468b</td></tr>
<tr>
<td title='com.IntegrativeNutrition.Marketing.Tests.Web.ThankYouPagesTest.assertBannerIsDisplayed()'><b>assertBannerIsDisplayed</b><br>Test class: com.IntegrativeNutrition.Marketing.Tests.Web.ThankYouPagesTest</td>
<td></td>
<td>0</td>
<td>com.IntegrativeNutrition.Marketing.Tests.Web.ThankYouPagesTest@3a82f6ef</td></tr>
<tr>
<td title='com.IntegrativeNutrition.Marketing.Tests.Web.FooterSocialMediaTest.assertCorrectAmazonLinkIcon()'><b>assertCorrectAmazonLinkIcon</b><br>Test class: com.IntegrativeNutrition.Marketing.Tests.Web.FooterSocialMediaTest</td>
<td></td>
<td>0</td>
<td>com.IntegrativeNutrition.Marketing.Tests.Web.FooterSocialMediaTest@215be6bb</td></tr>
<tr>
<td title='com.IntegrativeNutrition.Marketing.Tests.Web.FooterSocialMediaTest.assertCorrectFacebookLinkIcon()'><b>assertCorrectFacebookLinkIcon</b><br>Test class: com.IntegrativeNutrition.Marketing.Tests.Web.FooterSocialMediaTest</td>
<td></td>
<td>0</td>
<td>com.IntegrativeNutrition.Marketing.Tests.Web.FooterSocialMediaTest@215be6bb</td></tr>
<tr>
<td title='com.IntegrativeNutrition.Marketing.Tests.Web.FooterSocialMediaTest.assertCorrectGooglePlusLinkIcon()'><b>assertCorrectGooglePlusLinkIcon</b><br>Test class: com.IntegrativeNutrition.Marketing.Tests.Web.FooterSocialMediaTest</td>
<td></td>
<td>0</td>
<td>com.IntegrativeNutrition.Marketing.Tests.Web.FooterSocialMediaTest@215be6bb</td></tr>
<tr>
<td title='com.IntegrativeNutrition.Marketing.Tests.Web.FooterSocialMediaTest.assertCorrectInstagramLinkIcon()'><b>assertCorrectInstagramLinkIcon</b><br>Test class: com.IntegrativeNutrition.Marketing.Tests.Web.FooterSocialMediaTest</td>
<td></td>
<td>0</td>
<td>com.IntegrativeNutrition.Marketing.Tests.Web.FooterSocialMediaTest@215be6bb</td></tr>
<tr>
<td title='com.IntegrativeNutrition.Marketing.Tests.Web.FooterSocialMediaTest.assertCorrectLinkedInLinkIcon()'><b>assertCorrectLinkedInLinkIcon</b><br>Test class: com.IntegrativeNutrition.Marketing.Tests.Web.FooterSocialMediaTest</td>
<td></td>
<td>0</td>
<td>com.IntegrativeNutrition.Marketing.Tests.Web.FooterSocialMediaTest@215be6bb</td></tr>
<tr>
<td title='com.IntegrativeNutrition.Marketing.Tests.Web.FooterSocialMediaTest.assertCorrectPinterestLinkIcon()'><b>assertCorrectPinterestLinkIcon</b><br>Test class: com.IntegrativeNutrition.Marketing.Tests.Web.FooterSocialMediaTest</td>
<td></td>
<td>0</td>
<td>com.IntegrativeNutrition.Marketing.Tests.Web.FooterSocialMediaTest@215be6bb</td></tr>
<tr>
<td title='com.IntegrativeNutrition.Marketing.Tests.Web.FooterSocialMediaTest.assertCorrectTwitterLinkIcon()'><b>assertCorrectTwitterLinkIcon</b><br>Test class: com.IntegrativeNutrition.Marketing.Tests.Web.FooterSocialMediaTest</td>
<td></td>
<td>0</td>
<td>com.IntegrativeNutrition.Marketing.Tests.Web.FooterSocialMediaTest@215be6bb</td></tr>
<tr>
<td title='com.IntegrativeNutrition.Marketing.Tests.Web.FooterSocialMediaTest.assertCorrectYouTubeLinkIcon()'><b>assertCorrectYouTubeLinkIcon</b><br>Test class: com.IntegrativeNutrition.Marketing.Tests.Web.FooterSocialMediaTest</td>
<td></td>
<td>0</td>
<td>com.IntegrativeNutrition.Marketing.Tests.Web.FooterSocialMediaTest@215be6bb</td></tr>
<tr>
<td title='com.IntegrativeNutrition.Marketing.Tests.Web.HeaderTest.assertHeaderPhoneisDisplayed()'><b>assertHeaderPhoneisDisplayed</b><br>Test class: com.IntegrativeNutrition.Marketing.Tests.Web.HeaderTest</td>
<td></td>
<td>0</td>
<td>com.IntegrativeNutrition.Marketing.Tests.Web.HeaderTest@4439f31e</td></tr>
<tr>
<td title='com.IntegrativeNutrition.Marketing.Tests.Web.HomePageTest.assertSampleProgramButtonTriggersScroll()'><b>assertSampleProgramButtonTriggersScroll</b><br>Test class: com.IntegrativeNutrition.Marketing.Tests.Web.HomePageTest</td>
<td></td>
<td>0</td>
<td>com.IntegrativeNutrition.Marketing.Tests.Web.HomePageTest@23ceabc1</td></tr>
<tr>
<td title='com.IntegrativeNutrition.Marketing.Tests.Web.BlogTest.bannerDisplayed()'><b>bannerDisplayed</b><br>Test class: com.IntegrativeNutrition.Marketing.Tests.Web.BlogTest</td>
<td></td>
<td>0</td>
<td>com.IntegrativeNutrition.Marketing.Tests.Web.BlogTest@1810399e</td></tr>
<tr>
<td title='com.IntegrativeNutrition.Marketing.Tests.Web.SampleClassModuleTest.bannerDisplayed()'><b>bannerDisplayed</b><br>Test class: com.IntegrativeNutrition.Marketing.Tests.Web.SampleClassModuleTest</td>
<td></td>
<td>0</td>
<td>com.IntegrativeNutrition.Marketing.Tests.Web.SampleClassModuleTest@6cc4c815</td></tr>
<tr>
<td title='com.IntegrativeNutrition.Marketing.Tests.Web.PaidLeadTest.bannerDisplayedD()'><b>bannerDisplayedD</b><br>Test class: com.IntegrativeNutrition.Marketing.Tests.Web.PaidLeadTest</td>
<td></td>
<td>0</td>
<td>com.IntegrativeNutrition.Marketing.Tests.Web.PaidLeadTest@56f4468b</td></tr>
<tr>
<td title='com.IntegrativeNutrition.Marketing.Tests.Web.PaidLeadTest.bannerDisplayedR()'><b>bannerDisplayedR</b><br>Test class: com.IntegrativeNutrition.Marketing.Tests.Web.PaidLeadTest</td>
<td></td>
<td>0</td>
<td>com.IntegrativeNutrition.Marketing.Tests.Web.PaidLeadTest@56f4468b</td></tr>
<tr>
<td title='com.IntegrativeNutrition.Marketing.Tests.Web.HealthCoachingTest.countryFlagMatch()'><b>countryFlagMatch</b><br>Test class: com.IntegrativeNutrition.Marketing.Tests.Web.HealthCoachingTest</td>
<td></td>
<td>0</td>
<td>com.IntegrativeNutrition.Marketing.Tests.Web.HealthCoachingTest@5dfcfece</td></tr>
<tr>
<td title='com.IntegrativeNutrition.Marketing.Tests.Web.InfoSessionTest.countryFlagMatch()'><b>countryFlagMatch</b><br>Test class: com.IntegrativeNutrition.Marketing.Tests.Web.InfoSessionTest</td>
<td></td>
<td>0</td>
<td>com.IntegrativeNutrition.Marketing.Tests.Web.InfoSessionTest@5d5eef3d</td></tr>
<tr>
<td title='com.IntegrativeNutrition.Marketing.Tests.Web.PaidLeadTest.countryFlagMatch()'><b>countryFlagMatch</b><br>Test class: com.IntegrativeNutrition.Marketing.Tests.Web.PaidLeadTest</td>
<td></td>
<td>0</td>
<td>com.IntegrativeNutrition.Marketing.Tests.Web.PaidLeadTest@56f4468b</td></tr>
<tr>
<td title='com.IntegrativeNutrition.Marketing.Tests.Web.PaidLeadTest.countryFlagMatchD()'><b>countryFlagMatchD</b><br>Test class: com.IntegrativeNutrition.Marketing.Tests.Web.PaidLeadTest</td>
<td></td>
<td>0</td>
<td>com.IntegrativeNutrition.Marketing.Tests.Web.PaidLeadTest@56f4468b</td></tr>
<tr>
<td title='com.IntegrativeNutrition.Marketing.Tests.Web.PaidLeadTest.countryFlagMatchR()'><b>countryFlagMatchR</b><br>Test class: com.IntegrativeNutrition.Marketing.Tests.Web.PaidLeadTest</td>
<td></td>
<td>0</td>
<td>com.IntegrativeNutrition.Marketing.Tests.Web.PaidLeadTest@56f4468b</td></tr>
<tr>
<td title='com.IntegrativeNutrition.Marketing.Tests.Web.HealthCoachingTest.emailValidation()'><b>emailValidation</b><br>Test class: com.IntegrativeNutrition.Marketing.Tests.Web.HealthCoachingTest</td>
<td></td>
<td>0</td>
<td>com.IntegrativeNutrition.Marketing.Tests.Web.HealthCoachingTest@5dfcfece</td></tr>
<tr>
<td title='com.IntegrativeNutrition.Marketing.Tests.Web.InfoSessionTest.emailValidation()'><b>emailValidation</b><br>Test class: com.IntegrativeNutrition.Marketing.Tests.Web.InfoSessionTest</td>
<td></td>
<td>0</td>
<td>com.IntegrativeNutrition.Marketing.Tests.Web.InfoSessionTest@5d5eef3d</td></tr>
<tr>
<td title='com.IntegrativeNutrition.Marketing.Tests.Web.PaidLeadTest.emailValidation()'><b>emailValidation</b><br>Test class: com.IntegrativeNutrition.Marketing.Tests.Web.PaidLeadTest</td>
<td></td>
<td>0</td>
<td>com.IntegrativeNutrition.Marketing.Tests.Web.PaidLeadTest@56f4468b</td></tr>
<tr>
<td title='com.IntegrativeNutrition.Marketing.Tests.Web.PaidLeadTest.emailValidationD()'><b>emailValidationD</b><br>Test class: com.IntegrativeNutrition.Marketing.Tests.Web.PaidLeadTest</td>
<td></td>
<td>0</td>
<td>com.IntegrativeNutrition.Marketing.Tests.Web.PaidLeadTest@56f4468b</td></tr>
<tr>
<td title='com.IntegrativeNutrition.Marketing.Tests.Web.PaidLeadTest.emailValidationR()'><b>emailValidationR</b><br>Test class: com.IntegrativeNutrition.Marketing.Tests.Web.PaidLeadTest</td>
<td></td>
<td>0</td>
<td>com.IntegrativeNutrition.Marketing.Tests.Web.PaidLeadTest@56f4468b</td></tr>
<tr>
<td title='com.IntegrativeNutrition.Marketing.Tests.Web.PaidLeadTest.formSubmit()'><b>formSubmit</b><br>Test class: com.IntegrativeNutrition.Marketing.Tests.Web.PaidLeadTest</td>
<td></td>
<td>0</td>
<td>com.IntegrativeNutrition.Marketing.Tests.Web.PaidLeadTest@56f4468b</td></tr>
<tr>
<td title='com.IntegrativeNutrition.Marketing.Tests.Web.PaidLeadTest.formSubmitR()'><b>formSubmitR</b><br>Test class: com.IntegrativeNutrition.Marketing.Tests.Web.PaidLeadTest</td>
<td></td>
<td>0</td>
<td>com.IntegrativeNutrition.Marketing.Tests.Web.PaidLeadTest@56f4468b</td></tr>
<tr>
<td title='com.IntegrativeNutrition.Marketing.Tests.Web.ThankYouPagesTest.guideTyPlay()'><b>guideTyPlay</b><br>Test class: com.IntegrativeNutrition.Marketing.Tests.Web.ThankYouPagesTest</td>
<td></td>
<td>0</td>
<td>com.IntegrativeNutrition.Marketing.Tests.Web.ThankYouPagesTest@3a82f6ef</td></tr>
<tr>
<td title='com.IntegrativeNutrition.Marketing.Tests.Web.HeaderTest.headerAboutUs()'><b>headerAboutUs</b><br>Test class: com.IntegrativeNutrition.Marketing.Tests.Web.HeaderTest</td>
<td></td>
<td>0</td>
<td>com.IntegrativeNutrition.Marketing.Tests.Web.HeaderTest@4439f31e</td></tr>
<tr>
<td title='com.IntegrativeNutrition.Marketing.Tests.Web.HeaderTest.headerContactUs()'><b>headerContactUs</b><br>Test class: com.IntegrativeNutrition.Marketing.Tests.Web.HeaderTest</td>
<td></td>
<td>0</td>
<td>com.IntegrativeNutrition.Marketing.Tests.Web.HeaderTest@4439f31e</td></tr>
<tr>
<td title='com.IntegrativeNutrition.Marketing.Tests.Web.HeaderTest.headerCurric()'><b>headerCurric</b><br>Test class: com.IntegrativeNutrition.Marketing.Tests.Web.HeaderTest</td>
<td></td>
<td>0</td>
<td>com.IntegrativeNutrition.Marketing.Tests.Web.HeaderTest@4439f31e</td></tr>
<tr>
<td title='com.IntegrativeNutrition.Marketing.Tests.Web.HeaderTest.headerHealthCoach()'><b>headerHealthCoach</b><br>Test class: com.IntegrativeNutrition.Marketing.Tests.Web.HeaderTest</td>
<td></td>
<td>0</td>
<td>com.IntegrativeNutrition.Marketing.Tests.Web.HeaderTest@4439f31e</td></tr>
<tr>
<td title='com.IntegrativeNutrition.Marketing.Tests.Web.HeaderTest.headerHomeIcon()'><b>headerHomeIcon</b><br>Test class: com.IntegrativeNutrition.Marketing.Tests.Web.HeaderTest</td>
<td></td>
<td>0</td>
<td>com.IntegrativeNutrition.Marketing.Tests.Web.HeaderTest@4439f31e</td></tr>
<tr>
<td title='com.IntegrativeNutrition.Marketing.Tests.Web.HeaderTest.headerInfoSess()'><b>headerInfoSess</b><br>Test class: com.IntegrativeNutrition.Marketing.Tests.Web.HeaderTest</td>
<td></td>
<td>0</td>
<td>com.IntegrativeNutrition.Marketing.Tests.Web.HeaderTest@4439f31e</td></tr>
<tr>
<td title='com.IntegrativeNutrition.Marketing.Tests.Web.HeaderTest.headerSearch()'><b>headerSearch</b><br>Test class: com.IntegrativeNutrition.Marketing.Tests.Web.HeaderTest</td>
<td></td>
<td>0</td>
<td>com.IntegrativeNutrition.Marketing.Tests.Web.HeaderTest@4439f31e</td></tr>
<tr>
<td title='com.IntegrativeNutrition.Marketing.Tests.Web.HealthCoachingTest.nameValidation()'><b>nameValidation</b><br>Test class: com.IntegrativeNutrition.Marketing.Tests.Web.HealthCoachingTest</td>
<td></td>
<td>0</td>
<td>com.IntegrativeNutrition.Marketing.Tests.Web.HealthCoachingTest@5dfcfece</td></tr>
<tr>
<td title='com.IntegrativeNutrition.Marketing.Tests.Web.InfoSessionTest.nameValidation()'><b>nameValidation</b><br>Test class: com.IntegrativeNutrition.Marketing.Tests.Web.InfoSessionTest</td>
<td></td>
<td>0</td>
<td>com.IntegrativeNutrition.Marketing.Tests.Web.InfoSessionTest@5d5eef3d</td></tr>
<tr>
<td title='com.IntegrativeNutrition.Marketing.Tests.Web.PaidLeadTest.nameValidation()'><b>nameValidation</b><br>Test class: com.IntegrativeNutrition.Marketing.Tests.Web.PaidLeadTest</td>
<td></td>
<td>0</td>
<td>com.IntegrativeNutrition.Marketing.Tests.Web.PaidLeadTest@56f4468b</td></tr>
<tr>
<td title='com.IntegrativeNutrition.Marketing.Tests.Web.PaidLeadTest.nameValidationD()'><b>nameValidationD</b><br>Test class: com.IntegrativeNutrition.Marketing.Tests.Web.PaidLeadTest</td>
<td></td>
<td>0</td>
<td>com.IntegrativeNutrition.Marketing.Tests.Web.PaidLeadTest@56f4468b</td></tr>
<tr>
<td title='com.IntegrativeNutrition.Marketing.Tests.Web.PaidLeadTest.nameValidationR()'><b>nameValidationR</b><br>Test class: com.IntegrativeNutrition.Marketing.Tests.Web.PaidLeadTest</td>
<td></td>
<td>0</td>
<td>com.IntegrativeNutrition.Marketing.Tests.Web.PaidLeadTest@56f4468b</td></tr>
<tr>
<td title='com.IntegrativeNutrition.Marketing.Tests.Web.BlogTest.submitFormNoPhone()'><b>submitFormNoPhone</b><br>Test class: com.IntegrativeNutrition.Marketing.Tests.Web.BlogTest</td>
<td></td>
<td>0</td>
<td>com.IntegrativeNutrition.Marketing.Tests.Web.BlogTest@1810399e</td></tr>
<tr>
<td title='com.IntegrativeNutrition.Marketing.Tests.Web.CurriculumPageTest.submitFormNoPhone()'><b>submitFormNoPhone</b><br>Test class: com.IntegrativeNutrition.Marketing.Tests.Web.CurriculumPageTest</td>
<td></td>
<td>0</td>
<td>com.IntegrativeNutrition.Marketing.Tests.Web.CurriculumPageTest@32d992b2</td></tr>
<tr>
<td title='com.IntegrativeNutrition.Marketing.Tests.Web.HealthCoachingTest.submitFormNoPhone()'><b>submitFormNoPhone</b><br>Test class: com.IntegrativeNutrition.Marketing.Tests.Web.HealthCoachingTest</td>
<td></td>
<td>0</td>
<td>com.IntegrativeNutrition.Marketing.Tests.Web.HealthCoachingTest@5dfcfece</td></tr>
<tr>
<td title='com.IntegrativeNutrition.Marketing.Tests.Web.CurriculumPageTest.submitFormWithPhone()'><b>submitFormWithPhone</b><br>Test class: com.IntegrativeNutrition.Marketing.Tests.Web.CurriculumPageTest</td>
<td></td>
<td>0</td>
<td>com.IntegrativeNutrition.Marketing.Tests.Web.CurriculumPageTest@32d992b2</td></tr>
<tr>
<td title='com.IntegrativeNutrition.Marketing.Tests.Web.HealthCoachingTest.submitFormWithPhone()'><b>submitFormWithPhone</b><br>Test class: com.IntegrativeNutrition.Marketing.Tests.Web.HealthCoachingTest</td>
<td></td>
<td>0</td>
<td>com.IntegrativeNutrition.Marketing.Tests.Web.HealthCoachingTest@5dfcfece</td></tr>
<tr>
<td title='com.IntegrativeNutrition.Marketing.Tests.Web.ThankYouPagesTest.verifyBannerIsDisplayed()'><b>verifyBannerIsDisplayed</b><br>Test class: com.IntegrativeNutrition.Marketing.Tests.Web.ThankYouPagesTest</td>
<td></td>
<td>0</td>
<td>com.IntegrativeNutrition.Marketing.Tests.Web.ThankYouPagesTest@3a82f6ef</td></tr>
<tr>
<td title='com.IntegrativeNutrition.Marketing.Tests.Web.HealthCoachingTest.videoPlay()'><b>videoPlay</b><br>Test class: com.IntegrativeNutrition.Marketing.Tests.Web.HealthCoachingTest</td>
<td></td>
<td>0</td>
<td>com.IntegrativeNutrition.Marketing.Tests.Web.HealthCoachingTest@5dfcfece</td></tr>
<tr>
<td title='com.IntegrativeNutrition.Marketing.Tests.Web.HomePageTest.videoPlay()'><b>videoPlay</b><br>Test class: com.IntegrativeNutrition.Marketing.Tests.Web.HomePageTest</td>
<td></td>
<td>0</td>
<td>com.IntegrativeNutrition.Marketing.Tests.Web.HomePageTest@23ceabc1</td></tr>
<tr>
<td title='com.IntegrativeNutrition.Marketing.Tests.Web.SampleClassModuleTest.videoPlay()'><b>videoPlay</b><br>Test class: com.IntegrativeNutrition.Marketing.Tests.Web.SampleClassModuleTest</td>
<td></td>
<td>0</td>
<td>com.IntegrativeNutrition.Marketing.Tests.Web.SampleClassModuleTest@6cc4c815</td></tr>
<tr>
<td title='com.IntegrativeNutrition.Marketing.Tests.Web.ThankYouPagesTest.videoPlay()'><b>videoPlay</b><br>Test class: com.IntegrativeNutrition.Marketing.Tests.Web.ThankYouPagesTest</td>
<td></td>
<td>0</td>
<td>com.IntegrativeNutrition.Marketing.Tests.Web.ThankYouPagesTest@3a82f6ef</td></tr>
</table><p>
</body>
</html>