<?xml version="1.0" encoding="UTF-8"?>
<!-- Generated by org.testng.reporters.JUnitXMLReporter -->
<testsuite hostname="MaleneCruz" name="Command line test" tests="52" failures="0" timestamp="5 Jul 2016 11:38:46 GMT" time="0.448" errors="0">
  <testcase name="@BeforeClass TestSetup" time="0.0" classname="com.IntegrativeNutrition.Marketing.Tests.Web.BlogTest">
    <failure type="java.lang.NoClassDefFoundError" message="org/openqa/selenium/remote/service/DriverService$Builder">
      <![CDATA[java.lang.NoClassDefFoundError: org/openqa/selenium/remote/service/DriverService$Builder
	at java.lang.ClassLoader.defineClass1(Native Method)
	at java.lang.ClassLoader.defineClass(ClassLoader.java:763)
	at java.security.SecureClassLoader.defineClass(SecureClassLoader.java:142)
	at java.net.URLClassLoader.defineClass(URLClassLoader.java:467)
	at java.net.URLClassLoader.access$100(URLClassLoader.java:73)
	at java.net.URLClassLoader$1.run(URLClassLoader.java:368)
	at java.net.URLClassLoader$1.run(URLClassLoader.java:362)
	at java.security.AccessController.doPrivileged(Native Method)
	at java.net.URLClassLoader.findClass(URLClassLoader.java:361)
	at java.lang.ClassLoader.loadClass(ClassLoader.java:424)
	at sun.misc.Launcher$AppClassLoader.loadClass(Launcher.java:331)
	at java.lang.ClassLoader.loadClass(ClassLoader.java:357)
	at org.openqa.selenium.chrome.ChromeDriverService.createDefaultService(ChromeDriverService.java:88)
	at org.openqa.selenium.chrome.ChromeDriver.<init>(ChromeDriver.java:116)
	at com.IntegrativeNutrition.Marketing.Global.TestEnvironment.StartEnvironment(TestEnvironment.java:72)
	at com.IntegrativeNutrition.Marketing.Tests.Common.TestStarter.TestSetup(TestStarter.java:22)
Caused by: java.lang.ClassNotFoundException: org.openqa.selenium.remote.service.DriverService$Builder
	at java.net.URLClassLoader.findClass(URLClassLoader.java:381)
	at java.lang.ClassLoader.loadClass(ClassLoader.java:424)
	at sun.misc.Launcher$AppClassLoader.loadClass(Launcher.java:331)
	at java.lang.ClassLoader.loadClass(ClassLoader.java:357)
	... 50 more
... Removed 34 stack frames]]>
    </failure>
  </testcase> <!-- @BeforeClass TestSetup -->
  <testcase name="@BeforeClass TestSetup" time="0.0" classname="com.IntegrativeNutrition.Marketing.Tests.Web.CurriculumPageTest">
    <failure type="java.lang.NoClassDefFoundError" message="org/openqa/selenium/chrome/ChromeDriverService$Builder">
      <![CDATA[java.lang.NoClassDefFoundError: org/openqa/selenium/chrome/ChromeDriverService$Builder
	at org.openqa.selenium.chrome.ChromeDriverService.createDefaultService(ChromeDriverService.java:88)
	at org.openqa.selenium.chrome.ChromeDriver.<init>(ChromeDriver.java:116)
	at com.IntegrativeNutrition.Marketing.Global.TestEnvironment.StartEnvironment(TestEnvironment.java:72)
	at com.IntegrativeNutrition.Marketing.Tests.Common.TestStarter.TestSetup(TestStarter.java:22)
... Removed 34 stack frames]]>
    </failure>
  </testcase> <!-- @BeforeClass TestSetup -->
  <testcase name="@BeforeClass TestSetup" time="0.0" classname="com.IntegrativeNutrition.Marketing.Tests.Web.FooterSocialMediaTest">
    <failure type="java.lang.NoClassDefFoundError" message="org/openqa/selenium/chrome/ChromeDriverService$Builder">
      <![CDATA[java.lang.NoClassDefFoundError: org/openqa/selenium/chrome/ChromeDriverService$Builder
	at org.openqa.selenium.chrome.ChromeDriverService.createDefaultService(ChromeDriverService.java:88)
	at org.openqa.selenium.chrome.ChromeDriver.<init>(ChromeDriver.java:116)
	at com.IntegrativeNutrition.Marketing.Global.TestEnvironment.StartEnvironment(TestEnvironment.java:72)
	at com.IntegrativeNutrition.Marketing.Tests.Common.TestStarter.TestSetup(TestStarter.java:22)
... Removed 34 stack frames]]>
    </failure>
  </testcase> <!-- @BeforeClass TestSetup -->
  <testcase name="@BeforeClass TestSetup" time="0.0" classname="com.IntegrativeNutrition.Marketing.Tests.Web.HeaderTest">
    <failure type="java.lang.NoClassDefFoundError" message="org/openqa/selenium/chrome/ChromeDriverService$Builder">
      <![CDATA[java.lang.NoClassDefFoundError: org/openqa/selenium/chrome/ChromeDriverService$Builder
	at org.openqa.selenium.chrome.ChromeDriverService.createDefaultService(ChromeDriverService.java:88)
	at org.openqa.selenium.chrome.ChromeDriver.<init>(ChromeDriver.java:116)
	at com.IntegrativeNutrition.Marketing.Global.TestEnvironment.StartEnvironment(TestEnvironment.java:72)
	at com.IntegrativeNutrition.Marketing.Tests.Common.TestStarter.TestSetup(TestStarter.java:22)
... Removed 34 stack frames]]>
    </failure>
  </testcase> <!-- @BeforeClass TestSetup -->
  <testcase name="@BeforeClass TestSetup" time="0.0" classname="com.IntegrativeNutrition.Marketing.Tests.Web.HealthCoachingTest">
    <failure type="java.lang.NoClassDefFoundError" message="org/openqa/selenium/chrome/ChromeDriverService$Builder">
      <![CDATA[java.lang.NoClassDefFoundError: org/openqa/selenium/chrome/ChromeDriverService$Builder
	at org.openqa.selenium.chrome.ChromeDriverService.createDefaultService(ChromeDriverService.java:88)
	at org.openqa.selenium.chrome.ChromeDriver.<init>(ChromeDriver.java:116)
	at com.IntegrativeNutrition.Marketing.Global.TestEnvironment.StartEnvironment(TestEnvironment.java:72)
	at com.IntegrativeNutrition.Marketing.Tests.Common.TestStarter.TestSetup(TestStarter.java:22)
... Removed 34 stack frames]]>
    </failure>
  </testcase> <!-- @BeforeClass TestSetup -->
  <testcase name="@BeforeClass TestSetup" time="0.0" classname="com.IntegrativeNutrition.Marketing.Tests.Web.HomePageTest">
    <failure type="java.lang.NoClassDefFoundError" message="org/openqa/selenium/chrome/ChromeDriverService$Builder">
      <![CDATA[java.lang.NoClassDefFoundError: org/openqa/selenium/chrome/ChromeDriverService$Builder
	at org.openqa.selenium.chrome.ChromeDriverService.createDefaultService(ChromeDriverService.java:88)
	at org.openqa.selenium.chrome.ChromeDriver.<init>(ChromeDriver.java:116)
	at com.IntegrativeNutrition.Marketing.Global.TestEnvironment.StartEnvironment(TestEnvironment.java:72)
	at com.IntegrativeNutrition.Marketing.Tests.Common.TestStarter.TestSetup(TestStarter.java:22)
... Removed 34 stack frames]]>
    </failure>
  </testcase> <!-- @BeforeClass TestSetup -->
  <testcase name="@BeforeClass TestSetup" time="0.0" classname="com.IntegrativeNutrition.Marketing.Tests.Web.InfoSessionTest">
    <failure type="java.lang.NoClassDefFoundError" message="org/openqa/selenium/chrome/ChromeDriverService$Builder">
      <![CDATA[java.lang.NoClassDefFoundError: org/openqa/selenium/chrome/ChromeDriverService$Builder
	at org.openqa.selenium.chrome.ChromeDriverService.createDefaultService(ChromeDriverService.java:88)
	at org.openqa.selenium.chrome.ChromeDriver.<init>(ChromeDriver.java:116)
	at com.IntegrativeNutrition.Marketing.Global.TestEnvironment.StartEnvironment(TestEnvironment.java:72)
	at com.IntegrativeNutrition.Marketing.Tests.Common.TestStarter.TestSetup(TestStarter.java:22)
... Removed 34 stack frames]]>
    </failure>
  </testcase> <!-- @BeforeClass TestSetup -->
  <testcase name="@BeforeClass TestSetup" time="0.0" classname="com.IntegrativeNutrition.Marketing.Tests.Web.PaidLeadTest">
    <failure type="java.lang.NoClassDefFoundError" message="org/openqa/selenium/chrome/ChromeDriverService$Builder">
      <![CDATA[java.lang.NoClassDefFoundError: org/openqa/selenium/chrome/ChromeDriverService$Builder
	at org.openqa.selenium.chrome.ChromeDriverService.createDefaultService(ChromeDriverService.java:88)
	at org.openqa.selenium.chrome.ChromeDriver.<init>(ChromeDriver.java:116)
	at com.IntegrativeNutrition.Marketing.Global.TestEnvironment.StartEnvironment(TestEnvironment.java:72)
	at com.IntegrativeNutrition.Marketing.Tests.Common.TestStarter.TestSetup(TestStarter.java:22)
... Removed 34 stack frames]]>
    </failure>
  </testcase> <!-- @BeforeClass TestSetup -->
  <testcase name="@BeforeClass TestSetup" time="0.0" classname="com.IntegrativeNutrition.Marketing.Tests.Web.SampleClassModuleTest">
    <failure type="java.lang.NoClassDefFoundError" message="org/openqa/selenium/chrome/ChromeDriverService$Builder">
      <![CDATA[java.lang.NoClassDefFoundError: org/openqa/selenium/chrome/ChromeDriverService$Builder
	at org.openqa.selenium.chrome.ChromeDriverService.createDefaultService(ChromeDriverService.java:88)
	at org.openqa.selenium.chrome.ChromeDriver.<init>(ChromeDriver.java:116)
	at com.IntegrativeNutrition.Marketing.Global.TestEnvironment.StartEnvironment(TestEnvironment.java:72)
	at com.IntegrativeNutrition.Marketing.Tests.Common.TestStarter.TestSetup(TestStarter.java:22)
... Removed 34 stack frames]]>
    </failure>
  </testcase> <!-- @BeforeClass TestSetup -->
  <testcase name="@BeforeClass TestSetup" time="0.0" classname="com.IntegrativeNutrition.Marketing.Tests.Web.ThankYouPagesTest">
    <failure type="java.lang.NoClassDefFoundError" message="org/openqa/selenium/chrome/ChromeDriverService$Builder">
      <![CDATA[java.lang.NoClassDefFoundError: org/openqa/selenium/chrome/ChromeDriverService$Builder
	at org.openqa.selenium.chrome.ChromeDriverService.createDefaultService(ChromeDriverService.java:88)
	at org.openqa.selenium.chrome.ChromeDriver.<init>(ChromeDriver.java:116)
	at com.IntegrativeNutrition.Marketing.Global.TestEnvironment.StartEnvironment(TestEnvironment.java:72)
	at com.IntegrativeNutrition.Marketing.Tests.Common.TestStarter.TestSetup(TestStarter.java:22)
... Removed 34 stack frames]]>
    </failure>
  </testcase> <!-- @BeforeClass TestSetup -->
  <testcase name="bannerDisplayed" time="0.007" classname="com.IntegrativeNutrition.Marketing.Tests.Web.BlogTest">
    <skipped/>
  </testcase> <!-- bannerDisplayed -->
  <testcase name="submitFormNoPhone" time="0.0" classname="com.IntegrativeNutrition.Marketing.Tests.Web.BlogTest">
    <skipped/>
  </testcase> <!-- submitFormNoPhone -->
  <testcase name="submitFormNoPhone" time="0.001" classname="com.IntegrativeNutrition.Marketing.Tests.Web.CurriculumPageTest">
    <skipped/>
  </testcase> <!-- submitFormNoPhone -->
  <testcase name="submitFormWithPhone" time="0.002" classname="com.IntegrativeNutrition.Marketing.Tests.Web.CurriculumPageTest">
    <skipped/>
  </testcase> <!-- submitFormWithPhone -->
  <testcase name="assertCorrectAmazonLinkIcon" time="0.0" classname="com.IntegrativeNutrition.Marketing.Tests.Web.FooterSocialMediaTest">
    <skipped/>
  </testcase> <!-- assertCorrectAmazonLinkIcon -->
  <testcase name="assertCorrectFacebookLinkIcon" time="0.0" classname="com.IntegrativeNutrition.Marketing.Tests.Web.FooterSocialMediaTest">
    <skipped/>
  </testcase> <!-- assertCorrectFacebookLinkIcon -->
  <testcase name="assertCorrectGooglePlusLinkIcon" time="0.0" classname="com.IntegrativeNutrition.Marketing.Tests.Web.FooterSocialMediaTest">
    <skipped/>
  </testcase> <!-- assertCorrectGooglePlusLinkIcon -->
  <testcase name="assertCorrectInstagramLinkIcon" time="0.001" classname="com.IntegrativeNutrition.Marketing.Tests.Web.FooterSocialMediaTest">
    <skipped/>
  </testcase> <!-- assertCorrectInstagramLinkIcon -->
  <testcase name="assertCorrectLinkedInLinkIcon" time="0.0" classname="com.IntegrativeNutrition.Marketing.Tests.Web.FooterSocialMediaTest">
    <skipped/>
  </testcase> <!-- assertCorrectLinkedInLinkIcon -->
  <testcase name="assertCorrectPinterestLinkIcon" time="0.0" classname="com.IntegrativeNutrition.Marketing.Tests.Web.FooterSocialMediaTest">
    <skipped/>
  </testcase> <!-- assertCorrectPinterestLinkIcon -->
  <testcase name="assertCorrectTwitterLinkIcon" time="0.0" classname="com.IntegrativeNutrition.Marketing.Tests.Web.FooterSocialMediaTest">
    <skipped/>
  </testcase> <!-- assertCorrectTwitterLinkIcon -->
  <testcase name="assertCorrectYouTubeLinkIcon" time="0.0" classname="com.IntegrativeNutrition.Marketing.Tests.Web.FooterSocialMediaTest">
    <skipped/>
  </testcase> <!-- assertCorrectYouTubeLinkIcon -->
  <testcase name="assertHeaderPhoneisDisplayed" time="0.001" classname="com.IntegrativeNutrition.Marketing.Tests.Web.HeaderTest">
    <skipped/>
  </testcase> <!-- assertHeaderPhoneisDisplayed -->
  <testcase name="headerAboutUs" time="0.001" classname="com.IntegrativeNutrition.Marketing.Tests.Web.HeaderTest">
    <skipped/>
  </testcase> <!-- headerAboutUs -->
  <testcase name="headerContactUs" time="0.002" classname="com.IntegrativeNutrition.Marketing.Tests.Web.HeaderTest">
    <skipped/>
  </testcase> <!-- headerContactUs -->
  <testcase name="headerCurric" time="0.001" classname="com.IntegrativeNutrition.Marketing.Tests.Web.HeaderTest">
    <skipped/>
  </testcase> <!-- headerCurric -->
  <testcase name="headerHealthCoach" time="0.0" classname="com.IntegrativeNutrition.Marketing.Tests.Web.HeaderTest">
    <skipped/>
  </testcase> <!-- headerHealthCoach -->
  <testcase name="headerHomeIcon" time="0.001" classname="com.IntegrativeNutrition.Marketing.Tests.Web.HeaderTest">
    <skipped/>
  </testcase> <!-- headerHomeIcon -->
  <testcase name="headerInfoSess" time="0.0" classname="com.IntegrativeNutrition.Marketing.Tests.Web.HeaderTest">
    <skipped/>
  </testcase> <!-- headerInfoSess -->
  <testcase name="headerSearch" time="0.0" classname="com.IntegrativeNutrition.Marketing.Tests.Web.HeaderTest">
    <skipped/>
  </testcase> <!-- headerSearch -->
  <testcase name="countryFlagMatch" time="0.001" classname="com.IntegrativeNutrition.Marketing.Tests.Web.HealthCoachingTest">
    <skipped/>
  </testcase> <!-- countryFlagMatch -->
  <testcase name="emailValidation" time="0.001" classname="com.IntegrativeNutrition.Marketing.Tests.Web.HealthCoachingTest">
    <skipped/>
  </testcase> <!-- emailValidation -->
  <testcase name="nameValidation" time="0.001" classname="com.IntegrativeNutrition.Marketing.Tests.Web.HealthCoachingTest">
    <skipped/>
  </testcase> <!-- nameValidation -->
  <testcase name="submitFormNoPhone" time="0.001" classname="com.IntegrativeNutrition.Marketing.Tests.Web.HealthCoachingTest">
    <skipped/>
  </testcase> <!-- submitFormNoPhone -->
  <testcase name="submitFormWithPhone" time="0.005" classname="com.IntegrativeNutrition.Marketing.Tests.Web.HealthCoachingTest">
    <skipped/>
  </testcase> <!-- submitFormWithPhone -->
  <testcase name="videoPlay" time="0.001" classname="com.IntegrativeNutrition.Marketing.Tests.Web.HealthCoachingTest">
    <skipped/>
  </testcase> <!-- videoPlay -->
  <testcase name="assertBannerIsDisplayed" time="0.001" classname="com.IntegrativeNutrition.Marketing.Tests.Web.HomePageTest">
    <skipped/>
  </testcase> <!-- assertBannerIsDisplayed -->
  <testcase name="assertSampleProgramButtonTriggersScroll" time="0.003" classname="com.IntegrativeNutrition.Marketing.Tests.Web.HomePageTest">
    <skipped/>
  </testcase> <!-- assertSampleProgramButtonTriggersScroll -->
  <testcase name="videoPlay" time="0.0" classname="com.IntegrativeNutrition.Marketing.Tests.Web.HomePageTest">
    <skipped/>
  </testcase> <!-- videoPlay -->
  <testcase name="countryFlagMatch" time="0.0" classname="com.IntegrativeNutrition.Marketing.Tests.Web.InfoSessionTest">
    <skipped/>
  </testcase> <!-- countryFlagMatch -->
  <testcase name="emailValidation" time="0.0" classname="com.IntegrativeNutrition.Marketing.Tests.Web.InfoSessionTest">
    <skipped/>
  </testcase> <!-- emailValidation -->
  <testcase name="nameValidation" time="0.0" classname="com.IntegrativeNutrition.Marketing.Tests.Web.InfoSessionTest">
    <skipped/>
  </testcase> <!-- nameValidation -->
  <testcase name="assertBannerIsDisplayed" time="0.0" classname="com.IntegrativeNutrition.Marketing.Tests.Web.PaidLeadTest">
    <skipped/>
  </testcase> <!-- assertBannerIsDisplayed -->
  <testcase name="bannerDisplayedD" time="0.001" classname="com.IntegrativeNutrition.Marketing.Tests.Web.PaidLeadTest">
    <skipped/>
  </testcase> <!-- bannerDisplayedD -->
  <testcase name="bannerDisplayedR" time="0.001" classname="com.IntegrativeNutrition.Marketing.Tests.Web.PaidLeadTest">
    <skipped/>
  </testcase> <!-- bannerDisplayedR -->
  <testcase name="countryFlagMatch" time="0.0" classname="com.IntegrativeNutrition.Marketing.Tests.Web.PaidLeadTest">
    <skipped/>
  </testcase> <!-- countryFlagMatch -->
  <testcase name="countryFlagMatchD" time="0.0" classname="com.IntegrativeNutrition.Marketing.Tests.Web.PaidLeadTest">
    <skipped/>
  </testcase> <!-- countryFlagMatchD -->
  <testcase name="countryFlagMatchR" time="0.0" classname="com.IntegrativeNutrition.Marketing.Tests.Web.PaidLeadTest">
    <skipped/>
  </testcase> <!-- countryFlagMatchR -->
  <testcase name="emailValidation" time="0.001" classname="com.IntegrativeNutrition.Marketing.Tests.Web.PaidLeadTest">
    <skipped/>
  </testcase> <!-- emailValidation -->
  <testcase name="emailValidationD" time="0.0" classname="com.IntegrativeNutrition.Marketing.Tests.Web.PaidLeadTest">
    <skipped/>
  </testcase> <!-- emailValidationD -->
  <testcase name="emailValidationR" time="0.001" classname="com.IntegrativeNutrition.Marketing.Tests.Web.PaidLeadTest">
    <skipped/>
  </testcase> <!-- emailValidationR -->
  <testcase name="formSubmit" time="0.0" classname="com.IntegrativeNutrition.Marketing.Tests.Web.PaidLeadTest">
    <skipped/>
  </testcase> <!-- formSubmit -->
  <testcase name="formSubmitR" time="0.0" classname="com.IntegrativeNutrition.Marketing.Tests.Web.PaidLeadTest">
    <skipped/>
  </testcase> <!-- formSubmitR -->
  <testcase name="nameValidation" time="0.001" classname="com.IntegrativeNutrition.Marketing.Tests.Web.PaidLeadTest">
    <skipped/>
  </testcase> <!-- nameValidation -->
  <testcase name="nameValidationD" time="0.001" classname="com.IntegrativeNutrition.Marketing.Tests.Web.PaidLeadTest">
    <skipped/>
  </testcase> <!-- nameValidationD -->
  <testcase name="nameValidationR" time="0.0" classname="com.IntegrativeNutrition.Marketing.Tests.Web.PaidLeadTest">
    <skipped/>
  </testcase> <!-- nameValidationR -->
  <testcase name="bannerDisplayed" time="0.0" classname="com.IntegrativeNutrition.Marketing.Tests.Web.SampleClassModuleTest">
    <skipped/>
  </testcase> <!-- bannerDisplayed -->
  <testcase name="videoPlay" time="0.0" classname="com.IntegrativeNutrition.Marketing.Tests.Web.SampleClassModuleTest">
    <skipped/>
  </testcase> <!-- videoPlay -->
  <testcase name="assertBannerIsDisplayed" time="0.0" classname="com.IntegrativeNutrition.Marketing.Tests.Web.ThankYouPagesTest">
    <skipped/>
  </testcase> <!-- assertBannerIsDisplayed -->
  <testcase name="guideTyPlay" time="0.0" classname="com.IntegrativeNutrition.Marketing.Tests.Web.ThankYouPagesTest">
    <skipped/>
  </testcase> <!-- guideTyPlay -->
  <testcase name="verifyBannerIsDisplayed" time="0.0" classname="com.IntegrativeNutrition.Marketing.Tests.Web.ThankYouPagesTest">
    <skipped/>
  </testcase> <!-- verifyBannerIsDisplayed -->
  <testcase name="videoPlay" time="0.003" classname="com.IntegrativeNutrition.Marketing.Tests.Web.ThankYouPagesTest">
    <skipped/>
  </testcase> <!-- videoPlay -->
</testsuite> <!-- Command line test -->
