<?xml version="1.0" encoding="UTF-8"?>
<testng-results skipped="0" failed="2" total="2" passed="0">
  <reporter-output>
  </reporter-output>
  <suite name="Surefire suite" duration-ms="129634" started-at="2016-08-03T05:29:36Z" finished-at="2016-08-03T05:31:46Z">
    <groups>
      <group name="fasttest">
        <method signature="FooterSocialMediaTest.assertCorrectAmazonLinkIcon()[pri:88, instance:com.IntegrativeNutrition.Marketing.Tests.Web.FooterSocialMediaTest@17f6480]" name="assertCorrectAmazonLinkIcon" class="com.IntegrativeNutrition.Marketing.Tests.Web.FooterSocialMediaTest"/>
        <method signature="FooterSocialMediaTest.assertCorrectPinterestLinkIcon()[pri:93, instance:com.IntegrativeNutrition.Marketing.Tests.Web.FooterSocialMediaTest@17f6480]" name="assertCorrectPinterestLinkIcon" class="com.IntegrativeNutrition.Marketing.Tests.Web.FooterSocialMediaTest"/>
      </group> <!-- fasttest -->
      <group name="web">
        <method signature="FooterSocialMediaTest.assertCorrectAmazonLinkIcon()[pri:88, instance:com.IntegrativeNutrition.Marketing.Tests.Web.FooterSocialMediaTest@17f6480]" name="assertCorrectAmazonLinkIcon" class="com.IntegrativeNutrition.Marketing.Tests.Web.FooterSocialMediaTest"/>
        <method signature="FooterSocialMediaTest.assertCorrectPinterestLinkIcon()[pri:93, instance:com.IntegrativeNutrition.Marketing.Tests.Web.FooterSocialMediaTest@17f6480]" name="assertCorrectPinterestLinkIcon" class="com.IntegrativeNutrition.Marketing.Tests.Web.FooterSocialMediaTest"/>
      </group> <!-- web -->
      <group name="beforedeploy">
        <method signature="FooterSocialMediaTest.assertCorrectAmazonLinkIcon()[pri:88, instance:com.IntegrativeNutrition.Marketing.Tests.Web.FooterSocialMediaTest@17f6480]" name="assertCorrectAmazonLinkIcon" class="com.IntegrativeNutrition.Marketing.Tests.Web.FooterSocialMediaTest"/>
        <method signature="FooterSocialMediaTest.assertCorrectPinterestLinkIcon()[pri:93, instance:com.IntegrativeNutrition.Marketing.Tests.Web.FooterSocialMediaTest@17f6480]" name="assertCorrectPinterestLinkIcon" class="com.IntegrativeNutrition.Marketing.Tests.Web.FooterSocialMediaTest"/>
      </group> <!-- beforedeploy -->
      <group name="web.critical">
        <method signature="FooterSocialMediaTest.assertCorrectAmazonLinkIcon()[pri:88, instance:com.IntegrativeNutrition.Marketing.Tests.Web.FooterSocialMediaTest@17f6480]" name="assertCorrectAmazonLinkIcon" class="com.IntegrativeNutrition.Marketing.Tests.Web.FooterSocialMediaTest"/>
        <method signature="FooterSocialMediaTest.assertCorrectPinterestLinkIcon()[pri:93, instance:com.IntegrativeNutrition.Marketing.Tests.Web.FooterSocialMediaTest@17f6480]" name="assertCorrectPinterestLinkIcon" class="com.IntegrativeNutrition.Marketing.Tests.Web.FooterSocialMediaTest"/>
      </group> <!-- web.critical -->
      <group name="omgwork">
        <method signature="FooterSocialMediaTest.assertCorrectAmazonLinkIcon()[pri:88, instance:com.IntegrativeNutrition.Marketing.Tests.Web.FooterSocialMediaTest@17f6480]" name="assertCorrectAmazonLinkIcon" class="com.IntegrativeNutrition.Marketing.Tests.Web.FooterSocialMediaTest"/>
        <method signature="FooterSocialMediaTest.assertCorrectPinterestLinkIcon()[pri:93, instance:com.IntegrativeNutrition.Marketing.Tests.Web.FooterSocialMediaTest@17f6480]" name="assertCorrectPinterestLinkIcon" class="com.IntegrativeNutrition.Marketing.Tests.Web.FooterSocialMediaTest"/>
      </group> <!-- omgwork -->
    </groups>
    <test name="Surefire test" duration-ms="129634" started-at="2016-08-03T05:29:36Z" finished-at="2016-08-03T05:31:46Z">
      <class name="com.IntegrativeNutrition.Marketing.Tests.Web.FooterSocialMediaTest">
        <test-method status="PASS" signature="TestSetup()[pri:0, instance:com.IntegrativeNutrition.Marketing.Tests.Web.FooterSocialMediaTest@17f6480]" name="TestSetup" is-config="true" duration-ms="1921" started-at="2016-08-03T01:29:36Z" finished-at="2016-08-03T01:29:38Z">
          <reporter-output>
          </reporter-output>
        </test-method> <!-- TestSetup -->
        <test-method status="FAIL" signature="assertCorrectAmazonLinkIcon()[pri:88, instance:com.IntegrativeNutrition.Marketing.Tests.Web.FooterSocialMediaTest@17f6480]" name="assertCorrectAmazonLinkIcon" duration-ms="106741" started-at="2016-08-03T01:29:38Z" finished-at="2016-08-03T01:31:25Z">
          <exception class="java.lang.IndexOutOfBoundsException">
            <message>
              <![CDATA[Index: 1, Size: 1]]>
            </message>
            <full-stacktrace>
              <![CDATA[java.lang.IndexOutOfBoundsException: Index: 1, Size: 1
	at java.util.ArrayList.rangeCheck(ArrayList.java:653)
	at java.util.ArrayList.get(ArrayList.java:429)
	at com.IntegrativeNutrition.Marketing.Pages.Footer.assertCorrectURL(Footer.java:236)
	at com.IntegrativeNutrition.Marketing.Tests.Web.FooterSocialMediaTest.assertCorrectAmazonLinkIcon(FooterSocialMediaTest.java:83)
	at sun.reflect.NativeMethodAccessorImpl.invoke0(Native Method)
	at sun.reflect.NativeMethodAccessorImpl.invoke(NativeMethodAccessorImpl.java:62)
	at sun.reflect.DelegatingMethodAccessorImpl.invoke(DelegatingMethodAccessorImpl.java:43)
	at java.lang.reflect.Method.invoke(Method.java:498)
	at org.testng.internal.MethodInvocationHelper.invokeMethod(MethodInvocationHelper.java:86)
	at org.testng.internal.Invoker.invokeMethod(Invoker.java:643)
	at org.testng.internal.Invoker.invokeTestMethod(Invoker.java:820)
	at org.testng.internal.Invoker.invokeTestMethods(Invoker.java:1128)
	at org.testng.internal.TestMethodWorker.invokeTestMethods(TestMethodWorker.java:129)
	at org.testng.internal.TestMethodWorker.run(TestMethodWorker.java:112)
	at org.testng.TestRunner.privateRun(TestRunner.java:782)
	at org.testng.TestRunner.run(TestRunner.java:632)
	at org.testng.SuiteRunner.runTest(SuiteRunner.java:366)
	at org.testng.SuiteRunner.runSequentially(SuiteRunner.java:361)
	at org.testng.SuiteRunner.privateRun(SuiteRunner.java:319)
	at org.testng.SuiteRunner.run(SuiteRunner.java:268)
	at org.testng.SuiteRunnerWorker.runSuite(SuiteRunnerWorker.java:52)
	at org.testng.SuiteRunnerWorker.run(SuiteRunnerWorker.java:86)
	at org.testng.TestNG.runSuitesSequentially(TestNG.java:1244)
	at org.testng.TestNG.runSuitesLocally(TestNG.java:1169)
	at org.testng.TestNG.run(TestNG.java:1064)
	at org.apache.maven.surefire.testng.TestNGExecutor.run(TestNGExecutor.java:115)
	at org.apache.maven.surefire.testng.TestNGDirectoryTestSuite.executeMulti(TestNGDirectoryTestSuite.java:204)
	at org.apache.maven.surefire.testng.TestNGDirectoryTestSuite.execute(TestNGDirectoryTestSuite.java:107)
	at org.apache.maven.surefire.testng.TestNGProvider.invoke(TestNGProvider.java:112)
	at org.apache.maven.surefire.booter.ForkedBooter.invokeProviderInSameClassLoader(ForkedBooter.java:200)
	at org.apache.maven.surefire.booter.ForkedBooter.runSuitesInProcess(ForkedBooter.java:153)
	at org.apache.maven.surefire.booter.ForkedBooter.main(ForkedBooter.java:103)
]]>
            </full-stacktrace>
          </exception> <!-- java.lang.IndexOutOfBoundsException -->
          <reporter-output>
          </reporter-output>
        </test-method> <!-- assertCorrectAmazonLinkIcon -->
        <test-method status="FAIL" signature="assertCorrectPinterestLinkIcon()[pri:93, instance:com.IntegrativeNutrition.Marketing.Tests.Web.FooterSocialMediaTest@17f6480]" name="assertCorrectPinterestLinkIcon" duration-ms="20735" started-at="2016-08-03T01:31:25Z" finished-at="2016-08-03T01:31:45Z">
          <exception class="java.lang.AssertionError">
            <message>
              <![CDATA[expected [true] but found [false]]]>
            </message>
            <full-stacktrace>
              <![CDATA[java.lang.AssertionError: expected [true] but found [false]
	at org.testng.Assert.fail(Assert.java:94)
	at org.testng.Assert.failNotEquals(Assert.java:513)
	at org.testng.Assert.assertTrue(Assert.java:42)
	at org.testng.Assert.assertTrue(Assert.java:52)
	at com.IntegrativeNutrition.Marketing.Tests.Web.FooterSocialMediaTest.assertCorrectPinterestLinkIcon(FooterSocialMediaTest.java:133)
	at sun.reflect.NativeMethodAccessorImpl.invoke0(Native Method)
	at sun.reflect.NativeMethodAccessorImpl.invoke(NativeMethodAccessorImpl.java:62)
	at sun.reflect.DelegatingMethodAccessorImpl.invoke(DelegatingMethodAccessorImpl.java:43)
	at java.lang.reflect.Method.invoke(Method.java:498)
	at org.testng.internal.MethodInvocationHelper.invokeMethod(MethodInvocationHelper.java:86)
	at org.testng.internal.Invoker.invokeMethod(Invoker.java:643)
	at org.testng.internal.Invoker.invokeTestMethod(Invoker.java:820)
	at org.testng.internal.Invoker.invokeTestMethods(Invoker.java:1128)
	at org.testng.internal.TestMethodWorker.invokeTestMethods(TestMethodWorker.java:129)
	at org.testng.internal.TestMethodWorker.run(TestMethodWorker.java:112)
	at org.testng.TestRunner.privateRun(TestRunner.java:782)
	at org.testng.TestRunner.run(TestRunner.java:632)
	at org.testng.SuiteRunner.runTest(SuiteRunner.java:366)
	at org.testng.SuiteRunner.runSequentially(SuiteRunner.java:361)
	at org.testng.SuiteRunner.privateRun(SuiteRunner.java:319)
	at org.testng.SuiteRunner.run(SuiteRunner.java:268)
	at org.testng.SuiteRunnerWorker.runSuite(SuiteRunnerWorker.java:52)
	at org.testng.SuiteRunnerWorker.run(SuiteRunnerWorker.java:86)
	at org.testng.TestNG.runSuitesSequentially(TestNG.java:1244)
	at org.testng.TestNG.runSuitesLocally(TestNG.java:1169)
	at org.testng.TestNG.run(TestNG.java:1064)
	at org.apache.maven.surefire.testng.TestNGExecutor.run(TestNGExecutor.java:115)
	at org.apache.maven.surefire.testng.TestNGDirectoryTestSuite.executeMulti(TestNGDirectoryTestSuite.java:204)
	at org.apache.maven.surefire.testng.TestNGDirectoryTestSuite.execute(TestNGDirectoryTestSuite.java:107)
	at org.apache.maven.surefire.testng.TestNGProvider.invoke(TestNGProvider.java:112)
	at org.apache.maven.surefire.booter.ForkedBooter.invokeProviderInSameClassLoader(ForkedBooter.java:200)
	at org.apache.maven.surefire.booter.ForkedBooter.runSuitesInProcess(ForkedBooter.java:153)
	at org.apache.maven.surefire.booter.ForkedBooter.main(ForkedBooter.java:103)
]]>
            </full-stacktrace>
          </exception> <!-- java.lang.AssertionError -->
          <reporter-output>
          </reporter-output>
        </test-method> <!-- assertCorrectPinterestLinkIcon -->
        <test-method status="PASS" signature="TestCleanUp()[pri:0, instance:com.IntegrativeNutrition.Marketing.Tests.Web.FooterSocialMediaTest@17f6480]" name="TestCleanUp" is-config="true" duration-ms="191" started-at="2016-08-03T01:31:45Z" finished-at="2016-08-03T01:31:46Z">
          <reporter-output>
          </reporter-output>
        </test-method> <!-- TestCleanUp -->
      </class> <!-- com.IntegrativeNutrition.Marketing.Tests.Web.FooterSocialMediaTest -->
    </test> <!-- Surefire test -->
  </suite> <!-- Surefire suite -->
</testng-results>
