<?xml version="1.0" encoding="UTF-8"?>
<testng-results skipped="0" failed="3" total="18" passed="15">
  <reporter-output>
  </reporter-output>
  <suite name="Default suite" duration-ms="461637" started-at="2016-07-18T02:13:24Z" finished-at="2016-07-18T02:21:06Z">
    <groups>
      <group name="fasttest">
        <method signature="HomePageTest.assertBannerIsDisplayed()[pri:0, instance:com.IntegrativeNutrition.Marketing.Tests.Web.HomePageTest@6eebc39e]" name="assertBannerIsDisplayed" class="com.IntegrativeNutrition.Marketing.Tests.Web.HomePageTest"/>
        <method signature="HomePageTest.assertBannerTextIsDisplayed()[pri:1, instance:com.IntegrativeNutrition.Marketing.Tests.Web.HomePageTest@6eebc39e]" name="assertBannerTextIsDisplayed" class="com.IntegrativeNutrition.Marketing.Tests.Web.HomePageTest"/>
        <method signature="HomePageTest.assertBodyCopyIsPresent()[pri:4, instance:com.IntegrativeNutrition.Marketing.Tests.Web.HomePageTest@6eebc39e]" name="assertBodyCopyIsPresent" class="com.IntegrativeNutrition.Marketing.Tests.Web.HomePageTest"/>
        <method signature="HomePageTest.assertSampleOurProgramIsPresent()[pri:3, instance:com.IntegrativeNutrition.Marketing.Tests.Web.HomePageTest@6eebc39e]" name="assertSampleOurProgramIsPresent" class="com.IntegrativeNutrition.Marketing.Tests.Web.HomePageTest"/>
        <method signature="HomePageTest.assertSampleProgramButtonTriggersScroll()[pri:6, instance:com.IntegrativeNutrition.Marketing.Tests.Web.HomePageTest@6eebc39e]" name="assertSampleProgramButtonTriggersScroll" class="com.IntegrativeNutrition.Marketing.Tests.Web.HomePageTest"/>
        <method signature="HomePageTest.assertSlideShowIsPresent()[pri:5, instance:com.IntegrativeNutrition.Marketing.Tests.Web.HomePageTest@6eebc39e]" name="assertSlideShowIsPresent" class="com.IntegrativeNutrition.Marketing.Tests.Web.HomePageTest"/>
        <method signature="HomePageTest.assertWatchOurVideoIsPresent()[pri:2, instance:com.IntegrativeNutrition.Marketing.Tests.Web.HomePageTest@6eebc39e]" name="assertWatchOurVideoIsPresent" class="com.IntegrativeNutrition.Marketing.Tests.Web.HomePageTest"/>
        <method signature="HomePageTest.blankFieldsNoPhoneValidation()[pri:12, instance:com.IntegrativeNutrition.Marketing.Tests.Web.HomePageTest@6eebc39e]" name="blankFieldsNoPhoneValidation" class="com.IntegrativeNutrition.Marketing.Tests.Web.HomePageTest"/>
        <method signature="HomePageTest.blankFieldsPhoneValidation()[pri:13, instance:com.IntegrativeNutrition.Marketing.Tests.Web.HomePageTest@6eebc39e]" name="blankFieldsPhoneValidation" class="com.IntegrativeNutrition.Marketing.Tests.Web.HomePageTest"/>
        <method signature="HomePageTest.countryFlagMatch()[pri:15, instance:com.IntegrativeNutrition.Marketing.Tests.Web.HomePageTest@6eebc39e]" name="countryFlagMatch" class="com.IntegrativeNutrition.Marketing.Tests.Web.HomePageTest"/>
        <method signature="HomePageTest.emailValidation()[pri:9, instance:com.IntegrativeNutrition.Marketing.Tests.Web.HomePageTest@6eebc39e]" name="emailValidation" class="com.IntegrativeNutrition.Marketing.Tests.Web.HomePageTest"/>
        <method signature="HomePageTest.invalidEmailNoPhoneValidation()[pri:10, instance:com.IntegrativeNutrition.Marketing.Tests.Web.HomePageTest@6eebc39e]" name="invalidEmailNoPhoneValidation" class="com.IntegrativeNutrition.Marketing.Tests.Web.HomePageTest"/>
        <method signature="HomePageTest.invalidEmailPhoneValidation()[pri:11, instance:com.IntegrativeNutrition.Marketing.Tests.Web.HomePageTest@6eebc39e]" name="invalidEmailPhoneValidation" class="com.IntegrativeNutrition.Marketing.Tests.Web.HomePageTest"/>
        <method signature="HomePageTest.nameValidation()[pri:8, instance:com.IntegrativeNutrition.Marketing.Tests.Web.HomePageTest@6eebc39e]" name="nameValidation" class="com.IntegrativeNutrition.Marketing.Tests.Web.HomePageTest"/>
        <method signature="HomePageTest.phoneValidation()[pri:14, instance:com.IntegrativeNutrition.Marketing.Tests.Web.HomePageTest@6eebc39e]" name="phoneValidation" class="com.IntegrativeNutrition.Marketing.Tests.Web.HomePageTest"/>
        <method signature="HomePageTest.submitFormNoPhone()[pri:16, instance:com.IntegrativeNutrition.Marketing.Tests.Web.HomePageTest@6eebc39e]" name="submitFormNoPhone" class="com.IntegrativeNutrition.Marketing.Tests.Web.HomePageTest"/>
        <method signature="HomePageTest.submitFormWithPhone()[pri:17, instance:com.IntegrativeNutrition.Marketing.Tests.Web.HomePageTest@6eebc39e]" name="submitFormWithPhone" class="com.IntegrativeNutrition.Marketing.Tests.Web.HomePageTest"/>
      </group> <!-- fasttest -->
      <group name="web">
        <method signature="HomePageTest.assertBannerIsDisplayed()[pri:0, instance:com.IntegrativeNutrition.Marketing.Tests.Web.HomePageTest@6eebc39e]" name="assertBannerIsDisplayed" class="com.IntegrativeNutrition.Marketing.Tests.Web.HomePageTest"/>
        <method signature="HomePageTest.assertBannerTextIsDisplayed()[pri:1, instance:com.IntegrativeNutrition.Marketing.Tests.Web.HomePageTest@6eebc39e]" name="assertBannerTextIsDisplayed" class="com.IntegrativeNutrition.Marketing.Tests.Web.HomePageTest"/>
        <method signature="HomePageTest.assertBodyCopyIsPresent()[pri:4, instance:com.IntegrativeNutrition.Marketing.Tests.Web.HomePageTest@6eebc39e]" name="assertBodyCopyIsPresent" class="com.IntegrativeNutrition.Marketing.Tests.Web.HomePageTest"/>
        <method signature="HomePageTest.assertSampleOurProgramIsPresent()[pri:3, instance:com.IntegrativeNutrition.Marketing.Tests.Web.HomePageTest@6eebc39e]" name="assertSampleOurProgramIsPresent" class="com.IntegrativeNutrition.Marketing.Tests.Web.HomePageTest"/>
        <method signature="HomePageTest.assertSampleProgramButtonTriggersScroll()[pri:6, instance:com.IntegrativeNutrition.Marketing.Tests.Web.HomePageTest@6eebc39e]" name="assertSampleProgramButtonTriggersScroll" class="com.IntegrativeNutrition.Marketing.Tests.Web.HomePageTest"/>
        <method signature="HomePageTest.assertSlideShowIsPresent()[pri:5, instance:com.IntegrativeNutrition.Marketing.Tests.Web.HomePageTest@6eebc39e]" name="assertSlideShowIsPresent" class="com.IntegrativeNutrition.Marketing.Tests.Web.HomePageTest"/>
        <method signature="HomePageTest.assertWatchOurVideoIsPresent()[pri:2, instance:com.IntegrativeNutrition.Marketing.Tests.Web.HomePageTest@6eebc39e]" name="assertWatchOurVideoIsPresent" class="com.IntegrativeNutrition.Marketing.Tests.Web.HomePageTest"/>
        <method signature="HomePageTest.blankFieldsNoPhoneValidation()[pri:12, instance:com.IntegrativeNutrition.Marketing.Tests.Web.HomePageTest@6eebc39e]" name="blankFieldsNoPhoneValidation" class="com.IntegrativeNutrition.Marketing.Tests.Web.HomePageTest"/>
        <method signature="HomePageTest.blankFieldsPhoneValidation()[pri:13, instance:com.IntegrativeNutrition.Marketing.Tests.Web.HomePageTest@6eebc39e]" name="blankFieldsPhoneValidation" class="com.IntegrativeNutrition.Marketing.Tests.Web.HomePageTest"/>
        <method signature="HomePageTest.countryFlagMatch()[pri:15, instance:com.IntegrativeNutrition.Marketing.Tests.Web.HomePageTest@6eebc39e]" name="countryFlagMatch" class="com.IntegrativeNutrition.Marketing.Tests.Web.HomePageTest"/>
        <method signature="HomePageTest.emailValidation()[pri:9, instance:com.IntegrativeNutrition.Marketing.Tests.Web.HomePageTest@6eebc39e]" name="emailValidation" class="com.IntegrativeNutrition.Marketing.Tests.Web.HomePageTest"/>
        <method signature="HomePageTest.invalidEmailNoPhoneValidation()[pri:10, instance:com.IntegrativeNutrition.Marketing.Tests.Web.HomePageTest@6eebc39e]" name="invalidEmailNoPhoneValidation" class="com.IntegrativeNutrition.Marketing.Tests.Web.HomePageTest"/>
        <method signature="HomePageTest.invalidEmailPhoneValidation()[pri:11, instance:com.IntegrativeNutrition.Marketing.Tests.Web.HomePageTest@6eebc39e]" name="invalidEmailPhoneValidation" class="com.IntegrativeNutrition.Marketing.Tests.Web.HomePageTest"/>
        <method signature="HomePageTest.nameValidation()[pri:8, instance:com.IntegrativeNutrition.Marketing.Tests.Web.HomePageTest@6eebc39e]" name="nameValidation" class="com.IntegrativeNutrition.Marketing.Tests.Web.HomePageTest"/>
        <method signature="HomePageTest.phoneValidation()[pri:14, instance:com.IntegrativeNutrition.Marketing.Tests.Web.HomePageTest@6eebc39e]" name="phoneValidation" class="com.IntegrativeNutrition.Marketing.Tests.Web.HomePageTest"/>
        <method signature="HomePageTest.submitFormNoPhone()[pri:16, instance:com.IntegrativeNutrition.Marketing.Tests.Web.HomePageTest@6eebc39e]" name="submitFormNoPhone" class="com.IntegrativeNutrition.Marketing.Tests.Web.HomePageTest"/>
        <method signature="HomePageTest.submitFormWithPhone()[pri:17, instance:com.IntegrativeNutrition.Marketing.Tests.Web.HomePageTest@6eebc39e]" name="submitFormWithPhone" class="com.IntegrativeNutrition.Marketing.Tests.Web.HomePageTest"/>
        <method signature="HomePageTest.videoPlay()[pri:7, instance:com.IntegrativeNutrition.Marketing.Tests.Web.HomePageTest@6eebc39e]" name="videoPlay" class="com.IntegrativeNutrition.Marketing.Tests.Web.HomePageTest"/>
      </group> <!-- web -->
      <group name="beforemerge">
        <method signature="HomePageTest.assertBannerIsDisplayed()[pri:0, instance:com.IntegrativeNutrition.Marketing.Tests.Web.HomePageTest@6eebc39e]" name="assertBannerIsDisplayed" class="com.IntegrativeNutrition.Marketing.Tests.Web.HomePageTest"/>
        <method signature="HomePageTest.assertBannerTextIsDisplayed()[pri:1, instance:com.IntegrativeNutrition.Marketing.Tests.Web.HomePageTest@6eebc39e]" name="assertBannerTextIsDisplayed" class="com.IntegrativeNutrition.Marketing.Tests.Web.HomePageTest"/>
        <method signature="HomePageTest.assertBodyCopyIsPresent()[pri:4, instance:com.IntegrativeNutrition.Marketing.Tests.Web.HomePageTest@6eebc39e]" name="assertBodyCopyIsPresent" class="com.IntegrativeNutrition.Marketing.Tests.Web.HomePageTest"/>
        <method signature="HomePageTest.assertSampleOurProgramIsPresent()[pri:3, instance:com.IntegrativeNutrition.Marketing.Tests.Web.HomePageTest@6eebc39e]" name="assertSampleOurProgramIsPresent" class="com.IntegrativeNutrition.Marketing.Tests.Web.HomePageTest"/>
        <method signature="HomePageTest.assertSampleProgramButtonTriggersScroll()[pri:6, instance:com.IntegrativeNutrition.Marketing.Tests.Web.HomePageTest@6eebc39e]" name="assertSampleProgramButtonTriggersScroll" class="com.IntegrativeNutrition.Marketing.Tests.Web.HomePageTest"/>
        <method signature="HomePageTest.assertSlideShowIsPresent()[pri:5, instance:com.IntegrativeNutrition.Marketing.Tests.Web.HomePageTest@6eebc39e]" name="assertSlideShowIsPresent" class="com.IntegrativeNutrition.Marketing.Tests.Web.HomePageTest"/>
        <method signature="HomePageTest.assertWatchOurVideoIsPresent()[pri:2, instance:com.IntegrativeNutrition.Marketing.Tests.Web.HomePageTest@6eebc39e]" name="assertWatchOurVideoIsPresent" class="com.IntegrativeNutrition.Marketing.Tests.Web.HomePageTest"/>
      </group> <!-- beforemerge -->
      <group name="slowtest">
        <method signature="HomePageTest.videoPlay()[pri:7, instance:com.IntegrativeNutrition.Marketing.Tests.Web.HomePageTest@6eebc39e]" name="videoPlay" class="com.IntegrativeNutrition.Marketing.Tests.Web.HomePageTest"/>
      </group> <!-- slowtest -->
      <group name="beforedeploy">
        <method signature="HomePageTest.countryFlagMatch()[pri:15, instance:com.IntegrativeNutrition.Marketing.Tests.Web.HomePageTest@6eebc39e]" name="countryFlagMatch" class="com.IntegrativeNutrition.Marketing.Tests.Web.HomePageTest"/>
        <method signature="HomePageTest.submitFormNoPhone()[pri:16, instance:com.IntegrativeNutrition.Marketing.Tests.Web.HomePageTest@6eebc39e]" name="submitFormNoPhone" class="com.IntegrativeNutrition.Marketing.Tests.Web.HomePageTest"/>
        <method signature="HomePageTest.submitFormWithPhone()[pri:17, instance:com.IntegrativeNutrition.Marketing.Tests.Web.HomePageTest@6eebc39e]" name="submitFormWithPhone" class="com.IntegrativeNutrition.Marketing.Tests.Web.HomePageTest"/>
        <method signature="HomePageTest.videoPlay()[pri:7, instance:com.IntegrativeNutrition.Marketing.Tests.Web.HomePageTest@6eebc39e]" name="videoPlay" class="com.IntegrativeNutrition.Marketing.Tests.Web.HomePageTest"/>
      </group> <!-- beforedeploy -->
      <group name="web.critical">
        <method signature="HomePageTest.assertBannerIsDisplayed()[pri:0, instance:com.IntegrativeNutrition.Marketing.Tests.Web.HomePageTest@6eebc39e]" name="assertBannerIsDisplayed" class="com.IntegrativeNutrition.Marketing.Tests.Web.HomePageTest"/>
        <method signature="HomePageTest.assertBannerTextIsDisplayed()[pri:1, instance:com.IntegrativeNutrition.Marketing.Tests.Web.HomePageTest@6eebc39e]" name="assertBannerTextIsDisplayed" class="com.IntegrativeNutrition.Marketing.Tests.Web.HomePageTest"/>
        <method signature="HomePageTest.assertSampleOurProgramIsPresent()[pri:3, instance:com.IntegrativeNutrition.Marketing.Tests.Web.HomePageTest@6eebc39e]" name="assertSampleOurProgramIsPresent" class="com.IntegrativeNutrition.Marketing.Tests.Web.HomePageTest"/>
        <method signature="HomePageTest.assertWatchOurVideoIsPresent()[pri:2, instance:com.IntegrativeNutrition.Marketing.Tests.Web.HomePageTest@6eebc39e]" name="assertWatchOurVideoIsPresent" class="com.IntegrativeNutrition.Marketing.Tests.Web.HomePageTest"/>
      </group> <!-- web.critical -->
      <group name="afterproduction">
        <method signature="HomePageTest.blankFieldsNoPhoneValidation()[pri:12, instance:com.IntegrativeNutrition.Marketing.Tests.Web.HomePageTest@6eebc39e]" name="blankFieldsNoPhoneValidation" class="com.IntegrativeNutrition.Marketing.Tests.Web.HomePageTest"/>
        <method signature="HomePageTest.blankFieldsPhoneValidation()[pri:13, instance:com.IntegrativeNutrition.Marketing.Tests.Web.HomePageTest@6eebc39e]" name="blankFieldsPhoneValidation" class="com.IntegrativeNutrition.Marketing.Tests.Web.HomePageTest"/>
        <method signature="HomePageTest.emailValidation()[pri:9, instance:com.IntegrativeNutrition.Marketing.Tests.Web.HomePageTest@6eebc39e]" name="emailValidation" class="com.IntegrativeNutrition.Marketing.Tests.Web.HomePageTest"/>
        <method signature="HomePageTest.invalidEmailNoPhoneValidation()[pri:10, instance:com.IntegrativeNutrition.Marketing.Tests.Web.HomePageTest@6eebc39e]" name="invalidEmailNoPhoneValidation" class="com.IntegrativeNutrition.Marketing.Tests.Web.HomePageTest"/>
        <method signature="HomePageTest.invalidEmailPhoneValidation()[pri:11, instance:com.IntegrativeNutrition.Marketing.Tests.Web.HomePageTest@6eebc39e]" name="invalidEmailPhoneValidation" class="com.IntegrativeNutrition.Marketing.Tests.Web.HomePageTest"/>
        <method signature="HomePageTest.nameValidation()[pri:8, instance:com.IntegrativeNutrition.Marketing.Tests.Web.HomePageTest@6eebc39e]" name="nameValidation" class="com.IntegrativeNutrition.Marketing.Tests.Web.HomePageTest"/>
        <method signature="HomePageTest.phoneValidation()[pri:14, instance:com.IntegrativeNutrition.Marketing.Tests.Web.HomePageTest@6eebc39e]" name="phoneValidation" class="com.IntegrativeNutrition.Marketing.Tests.Web.HomePageTest"/>
      </group> <!-- afterproduction -->
    </groups>
    <test name="Default test" duration-ms="461637" started-at="2016-07-18T02:13:24Z" finished-at="2016-07-18T02:21:06Z">
      <class name="com.IntegrativeNutrition.Marketing.Tests.Web.HomePageTest">
        <test-method status="PASS" signature="TestSetup()[pri:0, instance:com.IntegrativeNutrition.Marketing.Tests.Web.HomePageTest@6eebc39e]" name="TestSetup" is-config="true" duration-ms="3791" started-at="2016-07-17T22:13:24Z" finished-at="2016-07-17T22:13:28Z">
          <reporter-output>
          </reporter-output>
        </test-method> <!-- TestSetup -->
        <test-method status="PASS" signature="assertBannerIsDisplayed()[pri:0, instance:com.IntegrativeNutrition.Marketing.Tests.Web.HomePageTest@6eebc39e]" name="assertBannerIsDisplayed" duration-ms="5474" started-at="2016-07-17T22:13:28Z" finished-at="2016-07-17T22:13:33Z">
          <reporter-output>
          </reporter-output>
        </test-method> <!-- assertBannerIsDisplayed -->
        <test-method status="PASS" signature="assertBannerTextIsDisplayed()[pri:1, instance:com.IntegrativeNutrition.Marketing.Tests.Web.HomePageTest@6eebc39e]" name="assertBannerTextIsDisplayed" duration-ms="1447" started-at="2016-07-17T22:13:33Z" finished-at="2016-07-17T22:13:35Z">
          <reporter-output>
          </reporter-output>
        </test-method> <!-- assertBannerTextIsDisplayed -->
        <test-method status="PASS" signature="assertWatchOurVideoIsPresent()[pri:2, instance:com.IntegrativeNutrition.Marketing.Tests.Web.HomePageTest@6eebc39e]" name="assertWatchOurVideoIsPresent" duration-ms="2202" started-at="2016-07-17T22:13:35Z" finished-at="2016-07-17T22:13:37Z">
          <reporter-output>
          </reporter-output>
        </test-method> <!-- assertWatchOurVideoIsPresent -->
        <test-method status="PASS" signature="assertSampleOurProgramIsPresent()[pri:3, instance:com.IntegrativeNutrition.Marketing.Tests.Web.HomePageTest@6eebc39e]" name="assertSampleOurProgramIsPresent" duration-ms="1692" started-at="2016-07-17T22:13:37Z" finished-at="2016-07-17T22:13:39Z">
          <reporter-output>
          </reporter-output>
        </test-method> <!-- assertSampleOurProgramIsPresent -->
        <test-method status="FAIL" signature="assertBodyCopyIsPresent()[pri:4, instance:com.IntegrativeNutrition.Marketing.Tests.Web.HomePageTest@6eebc39e]" name="assertBodyCopyIsPresent" duration-ms="1644" started-at="2016-07-17T22:13:39Z" finished-at="2016-07-17T22:13:40Z">
          <exception class="java.lang.AssertionError">
            <message>
              <![CDATA[expected [true] but found [false]]]>
            </message>
            <full-stacktrace>
              <![CDATA[java.lang.AssertionError: expected [true] but found [false]
	at org.testng.Assert.fail(Assert.java:94)
	at org.testng.Assert.failNotEquals(Assert.java:513)
	at org.testng.Assert.assertTrue(Assert.java:42)
	at org.testng.Assert.assertTrue(Assert.java:52)
	at com.IntegrativeNutrition.Marketing.Tests.Web.HomePageTest.assertBodyCopyIsPresent(HomePageTest.java:49)
	at sun.reflect.NativeMethodAccessorImpl.invoke0(Native Method)
	at sun.reflect.NativeMethodAccessorImpl.invoke(NativeMethodAccessorImpl.java:62)
	at sun.reflect.DelegatingMethodAccessorImpl.invoke(DelegatingMethodAccessorImpl.java:43)
	at java.lang.reflect.Method.invoke(Method.java:498)
	at org.testng.internal.MethodInvocationHelper.invokeMethod(MethodInvocationHelper.java:100)
	at org.testng.internal.Invoker.invokeMethod(Invoker.java:646)
	at org.testng.internal.Invoker.invokeTestMethod(Invoker.java:811)
	at org.testng.internal.Invoker.invokeTestMethods(Invoker.java:1129)
	at org.testng.internal.TestMethodWorker.invokeTestMethods(TestMethodWorker.java:129)
	at org.testng.internal.TestMethodWorker.run(TestMethodWorker.java:112)
	at org.testng.TestRunner.privateRun(TestRunner.java:746)
	at org.testng.TestRunner.run(TestRunner.java:600)
	at org.testng.SuiteRunner.runTest(SuiteRunner.java:366)
	at org.testng.SuiteRunner.runSequentially(SuiteRunner.java:361)
	at org.testng.SuiteRunner.privateRun(SuiteRunner.java:319)
	at org.testng.SuiteRunner.run(SuiteRunner.java:268)
	at org.testng.SuiteRunnerWorker.runSuite(SuiteRunnerWorker.java:52)
	at org.testng.SuiteRunnerWorker.run(SuiteRunnerWorker.java:86)
	at org.testng.TestNG.runSuitesSequentially(TestNG.java:1264)
	at org.testng.TestNG.runSuitesLocally(TestNG.java:1189)
	at org.testng.TestNG.runSuites(TestNG.java:1104)
	at org.testng.TestNG.run(TestNG.java:1076)
	at org.testng.remote.AbstractRemoteTestNG.run(AbstractRemoteTestNG.java:126)
	at org.testng.remote.RemoteTestNG.initAndRun(RemoteTestNG.java:152)
	at org.testng.remote.RemoteTestNG.main(RemoteTestNG.java:57)
]]>
            </full-stacktrace>
          </exception> <!-- java.lang.AssertionError -->
          <reporter-output>
          </reporter-output>
        </test-method> <!-- assertBodyCopyIsPresent -->
        <test-method status="PASS" signature="assertSlideShowIsPresent()[pri:5, instance:com.IntegrativeNutrition.Marketing.Tests.Web.HomePageTest@6eebc39e]" name="assertSlideShowIsPresent" duration-ms="1436" started-at="2016-07-17T22:13:40Z" finished-at="2016-07-17T22:13:42Z">
          <reporter-output>
          </reporter-output>
        </test-method> <!-- assertSlideShowIsPresent -->
        <test-method status="PASS" signature="assertSampleProgramButtonTriggersScroll()[pri:6, instance:com.IntegrativeNutrition.Marketing.Tests.Web.HomePageTest@6eebc39e]" name="assertSampleProgramButtonTriggersScroll" duration-ms="1504" started-at="2016-07-17T22:13:42Z" finished-at="2016-07-17T22:13:43Z">
          <reporter-output>
          </reporter-output>
        </test-method> <!-- assertSampleProgramButtonTriggersScroll -->
        <test-method status="FAIL" signature="videoPlay()[pri:7, instance:com.IntegrativeNutrition.Marketing.Tests.Web.HomePageTest@6eebc39e]" name="videoPlay" duration-ms="309253" started-at="2016-07-17T22:13:43Z" finished-at="2016-07-17T22:18:53Z">
          <exception class="org.openqa.selenium.TimeoutException">
            <message>
              <![CDATA[Timed out after 200 seconds waiting for text ('1:53') to be present in element Proxy element for: DefaultElementLocator 'By.xpath: //span[@class='ytp-time-current']'
Build info: version: '2.53.0', revision: '35ae25b', time: '2016-03-15 16:57:40'
System info: host: 'MaleneCruz', ip: '192.168.56.1', os.name: 'Windows 10', os.arch: 'amd64', os.version: '10.0', java.version: '1.8.0_91'
Driver info: org.openqa.selenium.phantomjs.PhantomJSDriver
Capabilities [{applicationCacheEnabled=false, rotatable=false, handlesAlerts=false, databaseEnabled=false, version=2.1.1, platform=XP, browserConnectionEnabled=false, proxy={proxyType=direct}, nativeEvents=true, acceptSslCerts=false, driverVersion=1.2.0, locationContextEnabled=false, webStorageEnabled=false, browserName=phantomjs, takesScreenshot=true, driverName=ghostdriver, javascriptEnabled=true, cssSelectorsEnabled=true}]
Session ID: 374e31f0-4c8d-11e6-aaa7-7f12abf80eda]]>
            </message>
            <full-stacktrace>
              <![CDATA[org.openqa.selenium.TimeoutException: Timed out after 200 seconds waiting for text ('1:53') to be present in element Proxy element for: DefaultElementLocator 'By.xpath: //span[@class='ytp-time-current']'
Build info: version: '2.53.0', revision: '35ae25b', time: '2016-03-15 16:57:40'
System info: host: 'MaleneCruz', ip: '192.168.56.1', os.name: 'Windows 10', os.arch: 'amd64', os.version: '10.0', java.version: '1.8.0_91'
Driver info: org.openqa.selenium.phantomjs.PhantomJSDriver
Capabilities [{applicationCacheEnabled=false, rotatable=false, handlesAlerts=false, databaseEnabled=false, version=2.1.1, platform=XP, browserConnectionEnabled=false, proxy={proxyType=direct}, nativeEvents=true, acceptSslCerts=false, driverVersion=1.2.0, locationContextEnabled=false, webStorageEnabled=false, browserName=phantomjs, takesScreenshot=true, driverName=ghostdriver, javascriptEnabled=true, cssSelectorsEnabled=true}]
Session ID: 374e31f0-4c8d-11e6-aaa7-7f12abf80eda
	at org.openqa.selenium.support.ui.WebDriverWait.timeoutException(WebDriverWait.java:80)
	at org.openqa.selenium.support.ui.FluentWait.until(FluentWait.java:261)
	at com.IntegrativeNutrition.Marketing.Pages.HomePage.verifyVideoPlayback(HomePage.java:235)
	at com.IntegrativeNutrition.Marketing.Tests.Web.HomePageTest.videoPlay(HomePageTest.java:75)
	at sun.reflect.NativeMethodAccessorImpl.invoke0(Native Method)
	at sun.reflect.NativeMethodAccessorImpl.invoke(NativeMethodAccessorImpl.java:62)
	at sun.reflect.DelegatingMethodAccessorImpl.invoke(DelegatingMethodAccessorImpl.java:43)
	at java.lang.reflect.Method.invoke(Method.java:498)
	at org.testng.internal.MethodInvocationHelper.invokeMethod(MethodInvocationHelper.java:100)
	at org.testng.internal.Invoker.invokeMethod(Invoker.java:646)
	at org.testng.internal.Invoker.invokeTestMethod(Invoker.java:811)
	at org.testng.internal.Invoker.invokeTestMethods(Invoker.java:1129)
	at org.testng.internal.TestMethodWorker.invokeTestMethods(TestMethodWorker.java:129)
	at org.testng.internal.TestMethodWorker.run(TestMethodWorker.java:112)
	at org.testng.TestRunner.privateRun(TestRunner.java:746)
	at org.testng.TestRunner.run(TestRunner.java:600)
	at org.testng.SuiteRunner.runTest(SuiteRunner.java:366)
	at org.testng.SuiteRunner.runSequentially(SuiteRunner.java:361)
	at org.testng.SuiteRunner.privateRun(SuiteRunner.java:319)
	at org.testng.SuiteRunner.run(SuiteRunner.java:268)
	at org.testng.SuiteRunnerWorker.runSuite(SuiteRunnerWorker.java:52)
	at org.testng.SuiteRunnerWorker.run(SuiteRunnerWorker.java:86)
	at org.testng.TestNG.runSuitesSequentially(TestNG.java:1264)
	at org.testng.TestNG.runSuitesLocally(TestNG.java:1189)
	at org.testng.TestNG.runSuites(TestNG.java:1104)
	at org.testng.TestNG.run(TestNG.java:1076)
	at org.testng.remote.AbstractRemoteTestNG.run(AbstractRemoteTestNG.java:126)
	at org.testng.remote.RemoteTestNG.initAndRun(RemoteTestNG.java:152)
	at org.testng.remote.RemoteTestNG.main(RemoteTestNG.java:57)
Caused by: org.openqa.selenium.NoSuchElementException: {"errorMessage":"Unable to find element with xpath '//span[@class='ytp-time-current']'","request":{"headers":{"Accept-Encoding":"gzip,deflate","Connection":"Keep-Alive","Content-Length":"61","Content-Type":"application/json; charset=utf-8","Host":"localhost:40810","User-Agent":"Apache-HttpClient/4.5.1 (Java/1.8.0_91)"},"httpVersion":"1.1","method":"POST","post":"{\"using\":\"xpath\",\"value\":\"//span[@class='ytp-time-current']\"}","url":"/element","urlParsed":{"anchor":"","query":"","file":"element","directory":"/","path":"/element","relative":"/element","port":"","host":"","password":"","user":"","userInfo":"","authority":"","protocol":"","source":"/element","queryKey":{},"chunks":["element"]},"urlOriginal":"/session/374e31f0-4c8d-11e6-aaa7-7f12abf80eda/element"}}
Command duration or timeout: 61.16 seconds
For documentation on this error, please visit: http://seleniumhq.org/exceptions/no_such_element.html
Build info: version: '2.53.0', revision: '35ae25b', time: '2016-03-15 16:57:40'
System info: host: 'MaleneCruz', ip: '192.168.56.1', os.name: 'Windows 10', os.arch: 'amd64', os.version: '10.0', java.version: '1.8.0_91'
Driver info: org.openqa.selenium.phantomjs.PhantomJSDriver
Capabilities [{applicationCacheEnabled=false, rotatable=false, handlesAlerts=false, databaseEnabled=false, version=2.1.1, platform=XP, browserConnectionEnabled=false, proxy={proxyType=direct}, nativeEvents=true, acceptSslCerts=false, driverVersion=1.2.0, locationContextEnabled=false, webStorageEnabled=false, browserName=phantomjs, takesScreenshot=true, driverName=ghostdriver, javascriptEnabled=true, cssSelectorsEnabled=true}]
Session ID: 374e31f0-4c8d-11e6-aaa7-7f12abf80eda
*** Element info: {Using=xpath, value=//span[@class='ytp-time-current']}
	at sun.reflect.NativeConstructorAccessorImpl.newInstance0(Native Method)
	at sun.reflect.NativeConstructorAccessorImpl.newInstance(NativeConstructorAccessorImpl.java:62)
	at sun.reflect.DelegatingConstructorAccessorImpl.newInstance(DelegatingConstructorAccessorImpl.java:45)
	at java.lang.reflect.Constructor.newInstance(Constructor.java:423)
	at org.openqa.selenium.remote.ErrorHandler.createThrowable(ErrorHandler.java:206)
	at org.openqa.selenium.remote.ErrorHandler.throwIfResponseFailed(ErrorHandler.java:158)
	at org.openqa.selenium.remote.RemoteWebDriver.execute(RemoteWebDriver.java:678)
	at org.openqa.selenium.remote.RemoteWebDriver.findElement(RemoteWebDriver.java:363)
	at org.openqa.selenium.remote.RemoteWebDriver.findElementByXPath(RemoteWebDriver.java:500)
	at org.openqa.selenium.By$ByXPath.findElement(By.java:361)
	at org.openqa.selenium.remote.RemoteWebDriver.findElement(RemoteWebDriver.java:355)
	at org.openqa.selenium.support.pagefactory.DefaultElementLocator.findElement(DefaultElementLocator.java:69)
	at org.openqa.selenium.support.pagefactory.internal.LocatingElementHandler.invoke(LocatingElementHandler.java:38)
	at com.sun.proxy.$Proxy7.getText(Unknown Source)
	at org.openqa.selenium.support.ui.ExpectedConditions$12.apply(ExpectedConditions.java:341)
	at org.openqa.selenium.support.ui.ExpectedConditions$12.apply(ExpectedConditions.java:1)
	at org.openqa.selenium.support.ui.FluentWait.until(FluentWait.java:238)
	... 27 more
Caused by: org.openqa.selenium.remote.ScreenshotException: Screen shot has been taken
Build info: version: '2.53.0', revision: '35ae25b', time: '2016-03-15 16:57:40'
System info: host: 'MaleneCruz', ip: '192.168.56.1', os.name: 'Windows 10', os.arch: 'amd64', os.version: '10.0', java.version: '1.8.0_91'
Driver info: driver.version: RemoteWebDriver
	at org.openqa.selenium.remote.ErrorHandler.throwIfResponseFailed(ErrorHandler.java:138)
	... 38 more
Caused by: org.openqa.selenium.NoSuchElementException: {"errorMessage":"Unable to find element with xpath '//span[@class='ytp-time-current']'","request":{"headers":{"Accept-Encoding":"gzip,deflate","Connection":"Keep-Alive","Content-Length":"61","Content-Type":"application/json; charset=utf-8","Host":"localhost:40810","User-Agent":"Apache-HttpClient/4.5.1 (Java/1.8.0_91)"},"httpVersion":"1.1","method":"POST","post":"{\"using\":\"xpath\",\"value\":\"//span[@class='ytp-time-current']\"}","url":"/element","urlParsed":{"anchor":"","query":"","file":"element","directory":"/","path":"/element","relative":"/element","port":"","host":"","password":"","user":"","userInfo":"","authority":"","protocol":"","source":"/element","queryKey":{},"chunks":["element"]},"urlOriginal":"/session/374e31f0-4c8d-11e6-aaa7-7f12abf80eda/element"}}
For documentation on this error, please visit: http://seleniumhq.org/exceptions/no_such_element.html
Build info: version: '2.53.0', revision: '35ae25b', time: '2016-03-15 16:57:40'
System info: host: 'MaleneCruz', ip: '192.168.56.1', os.name: 'Windows 10', os.arch: 'amd64', os.version: '10.0', java.version: '1.8.0_91'
Driver info: driver.version: unknown
]]>
            </full-stacktrace>
          </exception> <!-- org.openqa.selenium.TimeoutException -->
          <reporter-output>
          </reporter-output>
        </test-method> <!-- videoPlay -->
        <test-method status="PASS" signature="nameValidation()[pri:8, instance:com.IntegrativeNutrition.Marketing.Tests.Web.HomePageTest@6eebc39e]" name="nameValidation" duration-ms="9031" started-at="2016-07-17T22:18:53Z" finished-at="2016-07-17T22:19:02Z">
          <reporter-output>
          </reporter-output>
        </test-method> <!-- nameValidation -->
        <test-method status="PASS" signature="emailValidation()[pri:9, instance:com.IntegrativeNutrition.Marketing.Tests.Web.HomePageTest@6eebc39e]" name="emailValidation" duration-ms="5774" started-at="2016-07-17T22:19:02Z" finished-at="2016-07-17T22:19:07Z">
          <reporter-output>
          </reporter-output>
        </test-method> <!-- emailValidation -->
        <test-method status="PASS" signature="invalidEmailNoPhoneValidation()[pri:10, instance:com.IntegrativeNutrition.Marketing.Tests.Web.HomePageTest@6eebc39e]" name="invalidEmailNoPhoneValidation" duration-ms="6722" started-at="2016-07-17T22:19:07Z" finished-at="2016-07-17T22:19:14Z">
          <reporter-output>
          </reporter-output>
        </test-method> <!-- invalidEmailNoPhoneValidation -->
        <test-method status="PASS" signature="invalidEmailPhoneValidation()[pri:11, instance:com.IntegrativeNutrition.Marketing.Tests.Web.HomePageTest@6eebc39e]" name="invalidEmailPhoneValidation" duration-ms="7731" started-at="2016-07-17T22:19:14Z" finished-at="2016-07-17T22:19:22Z">
          <reporter-output>
          </reporter-output>
        </test-method> <!-- invalidEmailPhoneValidation -->
        <test-method status="PASS" signature="blankFieldsNoPhoneValidation()[pri:12, instance:com.IntegrativeNutrition.Marketing.Tests.Web.HomePageTest@6eebc39e]" name="blankFieldsNoPhoneValidation" duration-ms="6329" started-at="2016-07-17T22:19:22Z" finished-at="2016-07-17T22:19:28Z">
          <reporter-output>
          </reporter-output>
        </test-method> <!-- blankFieldsNoPhoneValidation -->
        <test-method status="PASS" signature="blankFieldsPhoneValidation()[pri:13, instance:com.IntegrativeNutrition.Marketing.Tests.Web.HomePageTest@6eebc39e]" name="blankFieldsPhoneValidation" duration-ms="7250" started-at="2016-07-17T22:19:28Z" finished-at="2016-07-17T22:19:36Z">
          <reporter-output>
          </reporter-output>
        </test-method> <!-- blankFieldsPhoneValidation -->
        <test-method status="PASS" signature="phoneValidation()[pri:14, instance:com.IntegrativeNutrition.Marketing.Tests.Web.HomePageTest@6eebc39e]" name="phoneValidation" duration-ms="7935" started-at="2016-07-17T22:19:36Z" finished-at="2016-07-17T22:19:43Z">
          <reporter-output>
          </reporter-output>
        </test-method> <!-- phoneValidation -->
        <test-method status="FAIL" signature="countryFlagMatch()[pri:15, instance:com.IntegrativeNutrition.Marketing.Tests.Web.HomePageTest@6eebc39e]" name="countryFlagMatch" duration-ms="65653" started-at="2016-07-17T22:19:43Z" finished-at="2016-07-17T22:20:49Z">
          <exception class="org.openqa.selenium.NoSuchElementException">
            <message>
              <![CDATA[{"errorMessage":"Unable to find element with xpath '//div[@class='selected-flag']'","request":{"headers":{"Accept-Encoding":"gzip,deflate","Connection":"Keep-Alive","Content-Length":"57","Content-Type":"application/json; charset=utf-8","Host":"localhost:40810","User-Agent":"Apache-HttpClient/4.5.1 (Java/1.8.0_91)"},"httpVersion":"1.1","method":"POST","post":"{\"using\":\"xpath\",\"value\":\"//div[@class='selected-flag']\"}","url":"/element","urlParsed":{"anchor":"","query":"","file":"element","directory":"/","path":"/element","relative":"/element","port":"","host":"","password":"","user":"","userInfo":"","authority":"","protocol":"","source":"/element","queryKey":{},"chunks":["element"]},"urlOriginal":"/session/374e31f0-4c8d-11e6-aaa7-7f12abf80eda/element"}}
Command duration or timeout: 61.29 seconds
For documentation on this error, please visit: http://seleniumhq.org/exceptions/no_such_element.html
Build info: version: '2.53.0', revision: '35ae25b', time: '2016-03-15 16:57:40'
System info: host: 'MaleneCruz', ip: '192.168.56.1', os.name: 'Windows 10', os.arch: 'amd64', os.version: '10.0', java.version: '1.8.0_91'
Driver info: org.openqa.selenium.phantomjs.PhantomJSDriver
Capabilities [{applicationCacheEnabled=false, rotatable=false, handlesAlerts=false, databaseEnabled=false, version=2.1.1, platform=XP, browserConnectionEnabled=false, proxy={proxyType=direct}, nativeEvents=true, acceptSslCerts=false, driverVersion=1.2.0, locationContextEnabled=false, webStorageEnabled=false, browserName=phantomjs, takesScreenshot=true, driverName=ghostdriver, javascriptEnabled=true, cssSelectorsEnabled=true}]
Session ID: 374e31f0-4c8d-11e6-aaa7-7f12abf80eda
*** Element info: {Using=xpath, value=//div[@class='selected-flag']}]]>
            </message>
            <full-stacktrace>
              <![CDATA[org.openqa.selenium.NoSuchElementException: {"errorMessage":"Unable to find element with xpath '//div[@class='selected-flag']'","request":{"headers":{"Accept-Encoding":"gzip,deflate","Connection":"Keep-Alive","Content-Length":"57","Content-Type":"application/json; charset=utf-8","Host":"localhost:40810","User-Agent":"Apache-HttpClient/4.5.1 (Java/1.8.0_91)"},"httpVersion":"1.1","method":"POST","post":"{\"using\":\"xpath\",\"value\":\"//div[@class='selected-flag']\"}","url":"/element","urlParsed":{"anchor":"","query":"","file":"element","directory":"/","path":"/element","relative":"/element","port":"","host":"","password":"","user":"","userInfo":"","authority":"","protocol":"","source":"/element","queryKey":{},"chunks":["element"]},"urlOriginal":"/session/374e31f0-4c8d-11e6-aaa7-7f12abf80eda/element"}}
Command duration or timeout: 61.29 seconds
For documentation on this error, please visit: http://seleniumhq.org/exceptions/no_such_element.html
Build info: version: '2.53.0', revision: '35ae25b', time: '2016-03-15 16:57:40'
System info: host: 'MaleneCruz', ip: '192.168.56.1', os.name: 'Windows 10', os.arch: 'amd64', os.version: '10.0', java.version: '1.8.0_91'
Driver info: org.openqa.selenium.phantomjs.PhantomJSDriver
Capabilities [{applicationCacheEnabled=false, rotatable=false, handlesAlerts=false, databaseEnabled=false, version=2.1.1, platform=XP, browserConnectionEnabled=false, proxy={proxyType=direct}, nativeEvents=true, acceptSslCerts=false, driverVersion=1.2.0, locationContextEnabled=false, webStorageEnabled=false, browserName=phantomjs, takesScreenshot=true, driverName=ghostdriver, javascriptEnabled=true, cssSelectorsEnabled=true}]
Session ID: 374e31f0-4c8d-11e6-aaa7-7f12abf80eda
*** Element info: {Using=xpath, value=//div[@class='selected-flag']}
	at sun.reflect.NativeConstructorAccessorImpl.newInstance0(Native Method)
	at sun.reflect.NativeConstructorAccessorImpl.newInstance(NativeConstructorAccessorImpl.java:62)
	at sun.reflect.DelegatingConstructorAccessorImpl.newInstance(DelegatingConstructorAccessorImpl.java:45)
	at java.lang.reflect.Constructor.newInstance(Constructor.java:423)
	at org.openqa.selenium.remote.ErrorHandler.createThrowable(ErrorHandler.java:206)
	at org.openqa.selenium.remote.ErrorHandler.throwIfResponseFailed(ErrorHandler.java:158)
	at org.openqa.selenium.remote.RemoteWebDriver.execute(RemoteWebDriver.java:678)
	at org.openqa.selenium.remote.RemoteWebDriver.findElement(RemoteWebDriver.java:363)
	at org.openqa.selenium.remote.RemoteWebDriver.findElementByXPath(RemoteWebDriver.java:500)
	at org.openqa.selenium.By$ByXPath.findElement(By.java:361)
	at org.openqa.selenium.remote.RemoteWebDriver.findElement(RemoteWebDriver.java:355)
	at org.openqa.selenium.support.pagefactory.DefaultElementLocator.findElement(DefaultElementLocator.java:69)
	at org.openqa.selenium.support.pagefactory.internal.LocatingElementHandler.invoke(LocatingElementHandler.java:38)
	at com.sun.proxy.$Proxy7.click(Unknown Source)
	at com.IntegrativeNutrition.Marketing.Pages.HomePage.selectFlag(HomePage.java:269)
	at com.IntegrativeNutrition.Marketing.Tests.Web.HomePageTest.countryFlagMatch(HomePageTest.java:173)
	at sun.reflect.NativeMethodAccessorImpl.invoke0(Native Method)
	at sun.reflect.NativeMethodAccessorImpl.invoke(NativeMethodAccessorImpl.java:62)
	at sun.reflect.DelegatingMethodAccessorImpl.invoke(DelegatingMethodAccessorImpl.java:43)
	at java.lang.reflect.Method.invoke(Method.java:498)
	at org.testng.internal.MethodInvocationHelper.invokeMethod(MethodInvocationHelper.java:100)
	at org.testng.internal.Invoker.invokeMethod(Invoker.java:646)
	at org.testng.internal.Invoker.invokeTestMethod(Invoker.java:811)
	at org.testng.internal.Invoker.invokeTestMethods(Invoker.java:1129)
	at org.testng.internal.TestMethodWorker.invokeTestMethods(TestMethodWorker.java:129)
	at org.testng.internal.TestMethodWorker.run(TestMethodWorker.java:112)
	at org.testng.TestRunner.privateRun(TestRunner.java:746)
	at org.testng.TestRunner.run(TestRunner.java:600)
	at org.testng.SuiteRunner.runTest(SuiteRunner.java:366)
	at org.testng.SuiteRunner.runSequentially(SuiteRunner.java:361)
	at org.testng.SuiteRunner.privateRun(SuiteRunner.java:319)
	at org.testng.SuiteRunner.run(SuiteRunner.java:268)
	at org.testng.SuiteRunnerWorker.runSuite(SuiteRunnerWorker.java:52)
	at org.testng.SuiteRunnerWorker.run(SuiteRunnerWorker.java:86)
	at org.testng.TestNG.runSuitesSequentially(TestNG.java:1264)
	at org.testng.TestNG.runSuitesLocally(TestNG.java:1189)
	at org.testng.TestNG.runSuites(TestNG.java:1104)
	at org.testng.TestNG.run(TestNG.java:1076)
	at org.testng.remote.AbstractRemoteTestNG.run(AbstractRemoteTestNG.java:126)
	at org.testng.remote.RemoteTestNG.initAndRun(RemoteTestNG.java:152)
	at org.testng.remote.RemoteTestNG.main(RemoteTestNG.java:57)
Caused by: org.openqa.selenium.remote.ScreenshotException: Screen shot has been taken
Build info: version: '2.53.0', revision: '35ae25b', time: '2016-03-15 16:57:40'
System info: host: 'MaleneCruz', ip: '192.168.56.1', os.name: 'Windows 10', os.arch: 'amd64', os.version: '10.0', java.version: '1.8.0_91'
Driver info: driver.version: RemoteWebDriver
	at org.openqa.selenium.remote.ErrorHandler.throwIfResponseFailed(ErrorHandler.java:138)
	... 35 more
Caused by: org.openqa.selenium.NoSuchElementException: {"errorMessage":"Unable to find element with xpath '//div[@class='selected-flag']'","request":{"headers":{"Accept-Encoding":"gzip,deflate","Connection":"Keep-Alive","Content-Length":"57","Content-Type":"application/json; charset=utf-8","Host":"localhost:40810","User-Agent":"Apache-HttpClient/4.5.1 (Java/1.8.0_91)"},"httpVersion":"1.1","method":"POST","post":"{\"using\":\"xpath\",\"value\":\"//div[@class='selected-flag']\"}","url":"/element","urlParsed":{"anchor":"","query":"","file":"element","directory":"/","path":"/element","relative":"/element","port":"","host":"","password":"","user":"","userInfo":"","authority":"","protocol":"","source":"/element","queryKey":{},"chunks":["element"]},"urlOriginal":"/session/374e31f0-4c8d-11e6-aaa7-7f12abf80eda/element"}}
For documentation on this error, please visit: http://seleniumhq.org/exceptions/no_such_element.html
Build info: version: '2.53.0', revision: '35ae25b', time: '2016-03-15 16:57:40'
System info: host: 'MaleneCruz', ip: '192.168.56.1', os.name: 'Windows 10', os.arch: 'amd64', os.version: '10.0', java.version: '1.8.0_91'
Driver info: driver.version: unknown
]]>
            </full-stacktrace>
          </exception> <!-- org.openqa.selenium.NoSuchElementException -->
          <reporter-output>
          </reporter-output>
        </test-method> <!-- countryFlagMatch -->
        <test-method status="PASS" signature="submitFormNoPhone()[pri:16, instance:com.IntegrativeNutrition.Marketing.Tests.Web.HomePageTest@6eebc39e]" name="submitFormNoPhone" duration-ms="8524" started-at="2016-07-17T22:20:49Z" finished-at="2016-07-17T22:20:58Z">
          <reporter-output>
          </reporter-output>
        </test-method> <!-- submitFormNoPhone -->
        <test-method status="PASS" signature="submitFormWithPhone()[pri:17, instance:com.IntegrativeNutrition.Marketing.Tests.Web.HomePageTest@6eebc39e]" name="submitFormWithPhone" duration-ms="7581" started-at="2016-07-17T22:20:58Z" finished-at="2016-07-17T22:21:05Z">
          <reporter-output>
          </reporter-output>
        </test-method> <!-- submitFormWithPhone -->
        <test-method status="PASS" signature="TestCleanUp()[pri:0, instance:com.IntegrativeNutrition.Marketing.Tests.Web.HomePageTest@6eebc39e]" name="TestCleanUp" is-config="true" duration-ms="499" started-at="2016-07-17T22:21:05Z" finished-at="2016-07-17T22:21:06Z">
          <reporter-output>
          </reporter-output>
        </test-method> <!-- TestCleanUp -->
      </class> <!-- com.IntegrativeNutrition.Marketing.Tests.Web.HomePageTest -->
    </test> <!-- Default test -->
  </suite> <!-- Default suite -->
</testng-results>
